20:45:30  INFO  manager.ApplicationManager - Tests start in ChromeDriver
20:45:30  INFO  manager.ApplicationManager - The link is ----> https://contacts-app.tobbymarshall815.vercel.app/
20:45:31  INFO  manager.ApplicationManager - Tests start in ChromeDriver
20:45:32  INFO  manager.ApplicationManager - The link is ----> https://contacts-app.tobbymarshall815.vercel.app/
20:45:32  INFO  manager.MyListener - 'Start find' element --->By.xpath: //*[text()='Sign Out']
20:45:37  INFO  manager.MyListener - The element with locator --->By.xpath: //*[text()='Sign Out']<----- was found
20:45:37  INFO  manager.MyListener - 'Start find' element --->By.cssSelector: [href='/login']
20:45:37  INFO  manager.MyListener - The element with locator --->By.cssSelector: [href='/login']<----- was found
20:45:37  INFO  manager.MyListener - 'Start find' element --->By.xpath: //input[1]
20:45:37  INFO  manager.MyListener - The element with locator --->By.xpath: //input[1]<----- was found
20:45:37  INFO  manager.MyListener - 'Start find' element --->By.xpath: //input[2]
20:45:37  INFO  manager.MyListener - The element with locator --->By.xpath: //input[2]<----- was found
20:45:38  INFO  manager.MyListener - 'Start find' element --->By.xpath: //*[text()=' Login']
20:45:38  INFO  manager.MyListener - The element with locator --->By.xpath: //*[text()=' Login']<----- was found
20:45:39  INFO  manager.MyListener - 'Start find' element --->By.xpath: //*[text()='Sign Out']
20:45:39  INFO  manager.MyListener - The element with locator --->By.xpath: //*[text()='Sign Out']<----- was found
20:45:39  INFO  manager.MyListener - 'Start find' element --->By.cssSelector: [href='/contacts']
20:45:39  INFO  manager.MyListener - The element with locator --->By.cssSelector: [href='/contacts']<----- was found
20:45:39  INFO  tests.TestBase - Contacts are opened
20:45:39  INFO  manager.MyListener - 'Start find' element --->By.cssSelector: .contact-item_card__2SOIM
20:45:39  INFO  manager.MyListener - The element with locator --->By.cssSelector: .contact-item_card__2SOIM<----- was found
20:45:39  INFO  tests.TestBase - Contact is chosen
20:45:39  INFO  manager.MyListener - 'Start find' element --->By.xpath: //button[normalize-space()='Remove']
20:45:39  INFO  manager.MyListener - The element with locator --->By.xpath: //button[normalize-space()='Remove']<----- was found
20:45:39  INFO  tests.TestBase - Contact is removed
