11:03:45  INFO  manager.ApplicationManager - Tests start in ChromeDriver
11:03:45  INFO  manager.ApplicationManager - The link is ----> https://contacts-app.tobbymarshall815.vercel.app/
11:03:45  INFO  manager.MyListener - 'Start find' element --->By.xpath: //*[text()='Sign Out']
11:03:50  INFO  manager.MyListener - The element with locator --->By.xpath: //*[text()='Sign Out']<----- was found
11:03:50  INFO  manager.MyListener - 'Start find' element --->By.cssSelector: [href='/login']
11:03:50  INFO  manager.MyListener - The element with locator --->By.cssSelector: [href='/login']<----- was found
11:03:51  INFO  manager.MyListener - 'Start find' element --->By.xpath: //input[1]
11:03:51  INFO  manager.MyListener - The element with locator --->By.xpath: //input[1]<----- was found
11:03:51  INFO  manager.MyListener - 'Start find' element --->By.xpath: //input[2]
11:03:51  INFO  manager.MyListener - The element with locator --->By.xpath: //input[2]<----- was found
11:03:51  INFO  manager.MyListener - 'Start find' element --->By.xpath: //*[text()=' Login']
11:03:51  INFO  manager.MyListener - The element with locator --->By.xpath: //*[text()=' Login']<----- was found
11:03:51  INFO  manager.MyListener - 'Start find' element --->By.xpath: //*[text()='Sign Out']
11:03:51  INFO  manager.MyListener - The element with locator --->By.xpath: //*[text()='Sign Out']<----- was found
11:03:51  INFO  manager.MyListener - 'Start find' element --->By.xpath: //*[text()='Sign Out']
11:03:51  INFO  manager.MyListener - The element with locator --->By.xpath: //*[text()='Sign Out']<----- was found
11:03:51  INFO  manager.MyListener - 'Start find' element --->By.xpath: //*[text()='Sign Out']
11:03:51  INFO  manager.MyListener - The element with locator --->By.xpath: //*[text()='Sign Out']<----- was found
11:03:52  INFO  manager.MyListener - 'Start find' element --->By.cssSelector: [href='/login']
11:03:52  INFO  manager.MyListener - The element with locator --->By.cssSelector: [href='/login']<----- was found
11:03:52  INFO  manager.MyListener - 'Start find' element --->By.xpath: //input[1]
11:03:52  INFO  manager.MyListener - The element with locator --->By.xpath: //input[1]<----- was found
11:03:52  INFO  manager.MyListener - 'Start find' element --->By.xpath: //input[2]
11:03:52  INFO  manager.MyListener - The element with locator --->By.xpath: //input[2]<----- was found
11:03:52  INFO  manager.MyListener - 'Start find' element --->By.xpath: //*[text()=' Login']
11:03:52  INFO  manager.MyListener - The element with locator --->By.xpath: //*[text()=' Login']<----- was found
11:03:52  INFO  manager.MyListener - 'Start find' element --->By.xpath: //*[text()='Sign Out']
11:03:52  INFO  manager.MyListener - The element with locator --->By.xpath: //*[text()='Sign Out']<----- was found
11:03:52  INFO  manager.MyListener - 'Start find' element --->By.xpath: //*[text()='Sign Out']
11:03:52  INFO  manager.MyListener - The element with locator --->By.xpath: //*[text()='Sign Out']<----- was found
11:03:52  INFO  manager.MyListener - 'Start find' element --->By.xpath: //*[text()='Sign Out']
11:03:52  INFO  manager.MyListener - The element with locator --->By.xpath: //*[text()='Sign Out']<----- was found
11:03:52  INFO  manager.MyListener - 'Start find' element --->By.cssSelector: [href='/login']
11:03:52  INFO  manager.MyListener - The element with locator --->By.cssSelector: [href='/login']<----- was found
11:03:52  INFO  manager.MyListener - 'Start find' element --->By.xpath: //input[1]
11:03:52  INFO  manager.MyListener - The element with locator --->By.xpath: //input[1]<----- was found
11:03:52  INFO  manager.MyListener - 'Start find' element --->By.xpath: //input[2]
11:03:52  INFO  manager.MyListener - The element with locator --->By.xpath: //input[2]<----- was found
11:03:52  INFO  manager.MyListener - 'Start find' element --->By.xpath: //*[text()=' Login']
11:03:52  INFO  manager.MyListener - The element with locator --->By.xpath: //*[text()=' Login']<----- was found
11:03:52  INFO  manager.MyListener - 'Start find' element --->By.xpath: //*[text()='Sign Out']
11:03:53  INFO  manager.MyListener - The element with locator --->By.xpath: //*[text()='Sign Out']<----- was found
11:03:53  INFO  manager.MyListener - 'Start find' element --->By.xpath: //*[text()='Sign Out']
11:03:53  INFO  manager.MyListener - The element with locator --->By.xpath: //*[text()='Sign Out']<----- was found
11:03:53  INFO  manager.MyListener - 'Start find' element --->By.xpath: //*[text()='Sign Out']
11:03:53  INFO  manager.MyListener - The element with locator --->By.xpath: //*[text()='Sign Out']<----- was found
11:03:53  INFO  manager.MyListener - 'Start find' element --->By.cssSelector: [href='/login']
11:03:53  INFO  manager.MyListener - The element with locator --->By.cssSelector: [href='/login']<----- was found
11:03:53  INFO  manager.MyListener - 'Start find' element --->By.xpath: //input[1]
11:03:53  INFO  manager.MyListener - The element with locator --->By.xpath: //input[1]<----- was found
11:03:53  INFO  manager.MyListener - 'Start find' element --->By.xpath: //input[2]
11:03:53  INFO  manager.MyListener - The element with locator --->By.xpath: //input[2]<----- was found
11:03:53  INFO  manager.MyListener - 'Start find' element --->By.xpath: //*[text()=' Login']
11:03:53  INFO  manager.MyListener - The element with locator --->By.xpath: //*[text()=' Login']<----- was found
11:03:53  INFO  manager.MyListener - 'Start find' element --->By.xpath: //*[text()='Sign Out']
11:03:53  INFO  manager.MyListener - The element with locator --->By.xpath: //*[text()='Sign Out']<----- was found
11:03:53  INFO  manager.MyListener - 'Start find' element --->By.xpath: //*[text()='Sign Out']
11:03:53  INFO  manager.MyListener - The element with locator --->By.xpath: //*[text()='Sign Out']<----- was found
11:03:53  INFO  manager.MyListener - 'Start find' element --->By.xpath: //*[text()='Sign Out']
11:03:53  INFO  manager.MyListener - The element with locator --->By.xpath: //*[text()='Sign Out']<----- was found
11:03:53  INFO  manager.MyListener - 'Start find' element --->By.cssSelector: [href='/login']
11:03:53  INFO  manager.MyListener - The element with locator --->By.cssSelector: [href='/login']<----- was found
11:03:53  INFO  manager.MyListener - 'Start find' element --->By.xpath: //input[1]
11:03:53  INFO  manager.MyListener - The element with locator --->By.xpath: //input[1]<----- was found
11:03:53  INFO  manager.MyListener - 'Start find' element --->By.xpath: //input[2]
11:03:53  INFO  manager.MyListener - The element with locator --->By.xpath: //input[2]<----- was found
11:03:53  INFO  manager.MyListener - 'Start find' element --->By.xpath: //*[text()=' Login']
11:03:53  INFO  manager.MyListener - The element with locator --->By.xpath: //*[text()=' Login']<----- was found
11:03:53  INFO  manager.MyListener - 'Start find' element --->By.xpath: //*[text()='Sign Out']
11:03:54  INFO  manager.MyListener - The element with locator --->By.xpath: //*[text()='Sign Out']<----- was found
11:03:54  INFO  manager.MyListener - 'Start find' element --->By.xpath: //*[text()='Sign Out']
11:03:54  INFO  manager.MyListener - The element with locator --->By.xpath: //*[text()='Sign Out']<----- was found
11:03:54  INFO  manager.MyListener - 'Start find' element --->By.xpath: //*[text()='Sign Out']
11:03:54  INFO  manager.MyListener - The element with locator --->By.xpath: //*[text()='Sign Out']<----- was found
11:03:54  INFO  manager.MyListener - 'Start find' element --->By.cssSelector: [href='/login']
11:03:54  INFO  manager.MyListener - The element with locator --->By.cssSelector: [href='/login']<----- was found
11:03:54  INFO  manager.MyListener - 'Start find' element --->By.xpath: //input[1]
11:03:54  INFO  manager.MyListener - The element with locator --->By.xpath: //input[1]<----- was found
11:03:54  INFO  manager.MyListener - 'Start find' element --->By.xpath: //input[2]
11:03:54  INFO  manager.MyListener - The element with locator --->By.xpath: //input[2]<----- was found
11:03:54  INFO  manager.MyListener - 'Start find' element --->By.xpath: //*[text()=' Login']
11:03:54  INFO  manager.MyListener - The element with locator --->By.xpath: //*[text()=' Login']<----- was found
11:03:54  INFO  manager.MyListener - 'Start find' element --->By.xpath: //*[text()='Sign Out']
11:03:54  INFO  manager.MyListener - The element with locator --->By.xpath: //*[text()='Sign Out']<----- was found
11:03:54  INFO  manager.MyListener - 'Start find' element --->By.xpath: //*[text()='Sign Out']
11:03:54  INFO  manager.MyListener - The element with locator --->By.xpath: //*[text()='Sign Out']<----- was found
11:03:54  INFO  manager.MyListener - 'Start find' element --->By.xpath: //*[text()='Sign Out']
11:03:54  INFO  manager.MyListener - The element with locator --->By.xpath: //*[text()='Sign Out']<----- was found
11:03:54  INFO  manager.MyListener - 'Start find' element --->By.cssSelector: [href='/login']
11:03:54  INFO  manager.MyListener - The element with locator --->By.cssSelector: [href='/login']<----- was found
11:03:54  INFO  manager.MyListener - 'Start find' element --->By.xpath: //input[1]
11:03:54  INFO  manager.MyListener - The element with locator --->By.xpath: //input[1]<----- was found
11:03:54  INFO  manager.MyListener - 'Start find' element --->By.xpath: //input[2]
11:03:54  INFO  manager.MyListener - The element with locator --->By.xpath: //input[2]<----- was found
11:03:54  INFO  manager.MyListener - 'Start find' element --->By.xpath: //*[text()=' Login']
11:03:54  INFO  manager.MyListener - The element with locator --->By.xpath: //*[text()=' Login']<----- was found
11:03:54  INFO  manager.MyListener - 'Start find' element --->By.xpath: //*[text()='Sign Out']
11:03:55  INFO  manager.MyListener - The element with locator --->By.xpath: //*[text()='Sign Out']<----- was found
11:03:55  INFO  manager.MyListener - 'Start find' element --->By.xpath: //*[text()='Sign Out']
11:03:55  INFO  manager.MyListener - The element with locator --->By.xpath: //*[text()='Sign Out']<----- was found
11:03:55  INFO  manager.MyListener - 'Start find' element --->By.xpath: //*[text()='Sign Out']
11:03:55  INFO  manager.MyListener - The element with locator --->By.xpath: //*[text()='Sign Out']<----- was found
11:03:55  INFO  manager.MyListener - 'Start find' element --->By.cssSelector: [href='/login']
11:03:55  INFO  manager.MyListener - The element with locator --->By.cssSelector: [href='/login']<----- was found
11:03:55  INFO  manager.MyListener - 'Start find' element --->By.xpath: //input[1]
11:03:55  INFO  manager.MyListener - The element with locator --->By.xpath: //input[1]<----- was found
11:03:55  INFO  manager.MyListener - 'Start find' element --->By.xpath: //input[2]
11:03:55  INFO  manager.MyListener - The element with locator --->By.xpath: //input[2]<----- was found
11:03:55  INFO  manager.MyListener - 'Start find' element --->By.xpath: //*[text()=' Login']
11:03:55  INFO  manager.MyListener - The element with locator --->By.xpath: //*[text()=' Login']<----- was found
11:03:55  INFO  manager.MyListener - 'Start find' element --->By.xpath: //*[text()='Sign Out']
11:03:55  INFO  manager.MyListener - The element with locator --->By.xpath: //*[text()='Sign Out']<----- was found
11:03:55  INFO  manager.MyListener - 'Start find' element --->By.xpath: //*[text()='Sign Out']
11:03:55  INFO  manager.MyListener - The element with locator --->By.xpath: //*[text()='Sign Out']<----- was found
11:03:55  INFO  manager.MyListener - 'Start find' element --->By.xpath: //*[text()='Sign Out']
11:03:55  INFO  manager.MyListener - The element with locator --->By.xpath: //*[text()='Sign Out']<----- was found
11:03:55  INFO  manager.MyListener - 'Start find' element --->By.cssSelector: [href='/login']
11:03:55  INFO  manager.MyListener - The element with locator --->By.cssSelector: [href='/login']<----- was found
11:03:55  INFO  manager.MyListener - 'Start find' element --->By.xpath: //input[1]
11:03:55  INFO  manager.MyListener - The element with locator --->By.xpath: //input[1]<----- was found
11:03:55  INFO  manager.MyListener - 'Start find' element --->By.xpath: //input[2]
11:03:55  INFO  manager.MyListener - The element with locator --->By.xpath: //input[2]<----- was found
11:03:55  INFO  manager.MyListener - 'Start find' element --->By.xpath: //*[text()=' Login']
11:03:55  INFO  manager.MyListener - The element with locator --->By.xpath: //*[text()=' Login']<----- was found
11:03:56  INFO  manager.MyListener - 'Start find' element --->By.xpath: //*[text()='Sign Out']
11:03:56  INFO  manager.MyListener - The element with locator --->By.xpath: //*[text()='Sign Out']<----- was found
11:03:56  INFO  manager.MyListener - 'Start find' element --->By.xpath: //*[text()='Sign Out']
11:04:01  INFO  manager.MyListener - The element with locator --->By.xpath: //*[text()='Sign Out']<----- was found
11:04:01  INFO  manager.MyListener - 'Start find' element --->By.cssSelector: [href='/login']
11:04:01  INFO  manager.MyListener - The element with locator --->By.cssSelector: [href='/login']<----- was found
11:04:01  INFO  manager.MyListener - 'Start find' element --->By.xpath: //input[1]
11:04:01  INFO  manager.MyListener - The element with locator --->By.xpath: //input[1]<----- was found
11:04:01  INFO  manager.MyListener - 'Start find' element --->By.xpath: //input[2]
11:04:01  INFO  manager.MyListener - The element with locator --->By.xpath: //input[2]<----- was found
11:04:01  INFO  manager.MyListener - 'Start find' element --->By.xpath: //*[text()=' Login']
11:04:01  INFO  manager.MyListener - The element with locator --->By.xpath: //*[text()=' Login']<----- was found
11:04:02  INFO  manager.MyListener - 'Start find' element --->By.xpath: //*[text()='Sign Out']
11:04:02  INFO  manager.MyListener - The element with locator --->By.xpath: //*[text()='Sign Out']<----- was found
11:04:02  INFO  manager.MyListener - 'Start find' element --->By.xpath: //*[text()='Sign Out']
11:04:02  INFO  manager.MyListener - The element with locator --->By.xpath: //*[text()='Sign Out']<----- was found
11:04:02  INFO  manager.MyListener - 'Start find' element --->By.xpath: //*[text()='Sign Out']
11:04:02  INFO  manager.MyListener - The element with locator --->By.xpath: //*[text()='Sign Out']<----- was found
11:04:02  INFO  tests.TestBase - Test starts with email:anna789@gmail.comand password:Aanna12345$$
11:04:02  INFO  manager.MyListener - 'Start find' element --->By.cssSelector: [href='/login']
11:04:02  INFO  manager.MyListener - The element with locator --->By.cssSelector: [href='/login']<----- was found
11:04:02  INFO  manager.MyListener - 'Start find' element --->By.xpath: //input[1]
11:04:02  INFO  manager.MyListener - The element with locator --->By.xpath: //input[1]<----- was found
11:04:02  INFO  manager.MyListener - 'Start find' element --->By.xpath: //input[2]
11:04:02  INFO  manager.MyListener - The element with locator --->By.xpath: //input[2]<----- was found
11:04:02  INFO  manager.MyListener - 'Start find' element --->By.xpath: //*[text()=' Login']
11:04:02  INFO  manager.MyListener - The element with locator --->By.xpath: //*[text()=' Login']<----- was found
11:04:04  INFO  manager.MyListener - 'Start find' element --->By.xpath: //*[text()='Sign Out']
11:04:04  INFO  manager.MyListener - The element with locator --->By.xpath: //*[text()='Sign Out']<----- was found
11:04:04  INFO  tests.TestBase - Test is passed
11:04:04  INFO  manager.MyListener - 'Start find' element --->By.xpath: //*[text()='Sign Out']
11:04:04  INFO  manager.MyListener - The element with locator --->By.xpath: //*[text()='Sign Out']<----- was found
11:04:04  INFO  manager.MyListener - 'Start find' element --->By.xpath: //*[text()='Sign Out']
11:04:04  INFO  manager.MyListener - The element with locator --->By.xpath: //*[text()='Sign Out']<----- was found
11:04:04  INFO  tests.TestBase - Test starts with email:anna789@gmail.comand password:Aanna12345$$
11:04:04  INFO  manager.MyListener - 'Start find' element --->By.cssSelector: [href='/login']
11:04:04  INFO  manager.MyListener - The element with locator --->By.cssSelector: [href='/login']<----- was found
11:04:04  INFO  manager.MyListener - 'Start find' element --->By.xpath: //input[1]
11:04:04  INFO  manager.MyListener - The element with locator --->By.xpath: //input[1]<----- was found
11:04:04  INFO  manager.MyListener - 'Start find' element --->By.xpath: //input[2]
11:04:04  INFO  manager.MyListener - The element with locator --->By.xpath: //input[2]<----- was found
11:04:04  INFO  manager.MyListener - 'Start find' element --->By.xpath: //*[text()=' Login']
11:04:04  INFO  manager.MyListener - The element with locator --->By.xpath: //*[text()=' Login']<----- was found
11:04:05  INFO  manager.MyListener - 'Start find' element --->By.xpath: //*[text()='Sign Out']
11:04:05  INFO  manager.MyListener - The element with locator --->By.xpath: //*[text()='Sign Out']<----- was found
11:04:05  INFO  tests.TestBase - Test is passed
11:04:05  INFO  manager.MyListener - 'Start find' element --->By.xpath: //*[text()='Sign Out']
11:04:05  INFO  manager.MyListener - The element with locator --->By.xpath: //*[text()='Sign Out']<----- was found
11:04:05  INFO  manager.MyListener - 'Start find' element --->By.xpath: //*[text()='Sign Out']
11:04:05  INFO  manager.MyListener - The element with locator --->By.xpath: //*[text()='Sign Out']<----- was found
11:04:05  INFO  tests.TestBase - Test starts with email:anna789@gmail.comand password:Aanna12345$$
11:04:05  INFO  manager.MyListener - 'Start find' element --->By.cssSelector: [href='/login']
11:04:05  INFO  manager.MyListener - The element with locator --->By.cssSelector: [href='/login']<----- was found
11:04:05  INFO  manager.MyListener - 'Start find' element --->By.xpath: //input[1]
11:04:05  INFO  manager.MyListener - The element with locator --->By.xpath: //input[1]<----- was found
11:04:05  INFO  manager.MyListener - 'Start find' element --->By.xpath: //input[2]
11:04:05  INFO  manager.MyListener - The element with locator --->By.xpath: //input[2]<----- was found
11:04:05  INFO  manager.MyListener - 'Start find' element --->By.xpath: //*[text()=' Login']
11:04:05  INFO  manager.MyListener - The element with locator --->By.xpath: //*[text()=' Login']<----- was found
11:04:06  INFO  manager.MyListener - 'Start find' element --->By.xpath: //*[text()='Sign Out']
11:04:06  INFO  manager.MyListener - The element with locator --->By.xpath: //*[text()='Sign Out']<----- was found
11:04:06  INFO  tests.TestBase - Test is passed
11:04:06  INFO  manager.MyListener - 'Start find' element --->By.xpath: //*[text()='Sign Out']
11:04:06  INFO  manager.MyListener - The element with locator --->By.xpath: //*[text()='Sign Out']<----- was found
11:04:06  INFO  manager.MyListener - 'Start find' element --->By.xpath: //*[text()='Sign Out']
11:04:06  INFO  manager.MyListener - The element with locator --->By.xpath: //*[text()='Sign Out']<----- was found
11:04:06  INFO  tests.TestBase - Test starts with email:anna789@gmail.comand password:Aanna12345$$
11:04:06  INFO  manager.MyListener - 'Start find' element --->By.cssSelector: [href='/login']
11:04:06  INFO  manager.MyListener - The element with locator --->By.cssSelector: [href='/login']<----- was found
11:04:06  INFO  manager.MyListener - 'Start find' element --->By.xpath: //input[1]
11:04:07  INFO  manager.MyListener - The element with locator --->By.xpath: //input[1]<----- was found
11:04:07  INFO  manager.MyListener - 'Start find' element --->By.xpath: //input[2]
11:04:07  INFO  manager.MyListener - The element with locator --->By.xpath: //input[2]<----- was found
11:04:07  INFO  manager.MyListener - 'Start find' element --->By.xpath: //*[text()=' Login']
11:04:07  INFO  manager.MyListener - The element with locator --->By.xpath: //*[text()=' Login']<----- was found
11:04:08  INFO  manager.MyListener - 'Start find' element --->By.xpath: //*[text()='Sign Out']
11:04:08  INFO  manager.MyListener - The element with locator --->By.xpath: //*[text()='Sign Out']<----- was found
11:04:08  INFO  tests.TestBase - Test is passed
11:04:08  INFO  manager.MyListener - 'Start find' element --->By.xpath: //*[text()='Sign Out']
11:04:08  INFO  manager.MyListener - The element with locator --->By.xpath: //*[text()='Sign Out']<----- was found
11:04:08  INFO  manager.MyListener - 'Start find' element --->By.cssSelector: [href='/add']
11:04:08  INFO  manager.MyListener - The element with locator --->By.cssSelector: [href='/add']<----- was found
11:04:08  INFO  manager.MyListener - 'Start find' element --->By.cssSelector: [placeholder='Name']
11:04:08  INFO  manager.MyListener - The element with locator --->By.cssSelector: [placeholder='Name']<----- was found
11:04:09  INFO  manager.MyListener - 'Start find' element --->By.cssSelector: [placeholder='Last Name']
11:04:09  INFO  manager.MyListener - The element with locator --->By.cssSelector: [placeholder='Last Name']<----- was found
11:04:09  INFO  manager.MyListener - 'Start find' element --->By.cssSelector: [placeholder='Phone']
11:04:09  INFO  manager.MyListener - The element with locator --->By.cssSelector: [placeholder='Phone']<----- was found
11:04:09  INFO  manager.MyListener - 'Start find' element --->By.cssSelector: [placeholder='email']
11:04:09  INFO  manager.MyListener - The element with locator --->By.cssSelector: [placeholder='email']<----- was found
11:04:09  INFO  manager.MyListener - 'Start find' element --->By.cssSelector: [placeholder='Address']
11:04:09  INFO  manager.MyListener - The element with locator --->By.cssSelector: [placeholder='Address']<----- was found
11:04:09  INFO  manager.MyListener - 'Start find' element --->By.cssSelector: [placeholder='description']
11:04:09  INFO  manager.MyListener - The element with locator --->By.cssSelector: [placeholder='description']<----- was found
11:04:09  INFO  manager.MyListener - 'Start find' element --->By.cssSelector: b
11:04:09  INFO  manager.MyListener - The element with locator --->By.cssSelector: b<----- was found
11:04:09  INFO  manager.MyListener - 'Start find' element --->By.cssSelector: h2
11:04:10  INFO  manager.MyListener - The element with locator --->By.cssSelector: h2<----- was found
11:04:10  INFO  manager.MyListener - 'Start find' element --->By.cssSelector: h3
11:04:10  INFO  manager.MyListener - The element with locator --->By.cssSelector: h3<----- was found
11:04:10  INFO  manager.MyListener - 'Start find' element --->By.xpath: //*[text()='Sign Out']
11:04:10  INFO  manager.MyListener - The element with locator --->By.xpath: //*[text()='Sign Out']<----- was found
11:04:10  INFO  manager.MyListener - 'Start find' element --->By.xpath: //*[text()='Sign Out']
11:04:10  INFO  manager.MyListener - The element with locator --->By.xpath: //*[text()='Sign Out']<----- was found
11:04:10  INFO  tests.TestBase - alex808@gmail.com
11:04:10  INFO  tests.TestBase - The index is ----> 808
11:04:10  INFO  manager.MyListener - 'Start find' element --->By.cssSelector: [href='/login']
11:04:10  INFO  manager.MyListener - The element with locator --->By.cssSelector: [href='/login']<----- was found
11:04:10  INFO  manager.MyListener - 'Start find' element --->By.xpath: //input[1]
11:04:10  INFO  manager.MyListener - The element with locator --->By.xpath: //input[1]<----- was found
11:04:10  INFO  manager.MyListener - 'Start find' element --->By.xpath: //input[2]
11:04:10  INFO  manager.MyListener - The element with locator --->By.xpath: //input[2]<----- was found
11:04:10  INFO  manager.MyListener - 'Start find' element --->By.xpath: //button[2]
11:04:10  INFO  manager.MyListener - The element with locator --->By.xpath: //button[2]<----- was found
11:04:10  INFO  manager.MyListener - 'Start find' element --->By.xpath: //*[text()='Sign Out']
11:04:11  INFO  manager.MyListener - The element with locator --->By.xpath: //*[text()='Sign Out']<----- was found
11:04:11  INFO  manager.MyListener - 'Start find' element --->By.xpath: //*[text()='Sign Out']
11:04:11  INFO  manager.MyListener - The element with locator --->By.xpath: //*[text()='Sign Out']<----- was found
11:04:11  INFO  manager.MyListener - 'Start find' element --->By.cssSelector: .contact-item_card__2SOIM
11:04:16  INFO  manager.MyListener - The element with locator --->By.cssSelector: .contact-item_card__2SOIM<----- was found
11:04:16  INFO  manager.MyListener - 'Start find' element --->By.xpath: //*[text()='Sign Out']
11:04:16  INFO  manager.MyListener - The element with locator --->By.xpath: //*[text()='Sign Out']<----- was found
11:04:16  INFO  manager.MyListener - 'Start find' element --->By.cssSelector: [href='/contacts']
11:04:16  INFO  manager.MyListener - The element with locator --->By.cssSelector: [href='/contacts']<----- was found
11:04:16  INFO  tests.TestBase - Contacts are opened
11:04:16  INFO  manager.MyListener - 'Start find' element --->By.cssSelector: .contact-item_card__2SOIM
11:04:21  INFO  manager.MyListener - We have a 'throwable'---->no such element: Unable to locate element: {"method":"css selector","selector":".contact-item_card__2SOIM"}
  (Session info: chrome=100.0.4896.127)
For documentation on this error, please visit: https://www.seleniumhq.org/exceptions/no_such_element.html
Build info: version: '3.141.59', revision: 'e82be7d358', time: '2018-11-14T08:17:03'
System info: host: 'DESKTOP-5S6QGPI', ip: '192.168.1.119', os.name: 'Windows 10', os.arch: 'amd64', os.version: '10.0', java.version: '11.0.14'
Driver info: org.openqa.selenium.chrome.ChromeDriver
Capabilities {acceptInsecureCerts: false, browserName: chrome, browserVersion: 100.0.4896.127, chrome: {chromedriverVersion: 100.0.4896.60 (6a5d10861ce8..., userDataDir: C:\Users\alexa\AppData\Loca...}, goog:chromeOptions: {debuggerAddress: localhost:57958}, javascriptEnabled: true, networkConnectionEnabled: false, pageLoadStrategy: normal, platform: WINDOWS, platformName: WINDOWS, proxy: Proxy(), setWindowRect: true, strictFileInteractability: false, timeouts: {implicit: 0, pageLoad: 300000, script: 30000}, unhandledPromptBehavior: dismiss and notify, webauthn:extension:credBlob: true, webauthn:extension:largeBlob: true, webauthn:virtualAuthenticators: true}
Session ID: 719185b1e8f1689abdf09defcba42cbc
*** Element info: {Using=css selector, value=.contact-item_card__2SOIM}
11:04:21  INFO  manager.MyListener - We have a 'throwable'---->org.openqa.selenium.NoSuchElementException: no such element: Unable to locate element: {"method":"css selector","selector":".contact-item_card__2SOIM"}
  (Session info: chrome=100.0.4896.127)
For documentation on this error, please visit: https://www.seleniumhq.org/exceptions/no_such_element.html
Build info: version: '3.141.59', revision: 'e82be7d358', time: '2018-11-14T08:17:03'
System info: host: 'DESKTOP-5S6QGPI', ip: '192.168.1.119', os.name: 'Windows 10', os.arch: 'amd64', os.version: '10.0', java.version: '11.0.14'
Driver info: org.openqa.selenium.chrome.ChromeDriver
Capabilities {acceptInsecureCerts: false, browserName: chrome, browserVersion: 100.0.4896.127, chrome: {chromedriverVersion: 100.0.4896.60 (6a5d10861ce8..., userDataDir: C:\Users\alexa\AppData\Loca...}, goog:chromeOptions: {debuggerAddress: localhost:57958}, javascriptEnabled: true, networkConnectionEnabled: false, pageLoadStrategy: normal, platform: WINDOWS, platformName: WINDOWS, proxy: Proxy(), setWindowRect: true, strictFileInteractability: false, timeouts: {implicit: 0, pageLoad: 300000, script: 30000}, unhandledPromptBehavior: dismiss and notify, webauthn:extension:credBlob: true, webauthn:extension:largeBlob: true, webauthn:virtualAuthenticators: true}
Session ID: 719185b1e8f1689abdf09defcba42cbc
*** Element info: {Using=css selector, value=.contact-item_card__2SOIM}
11:04:21  INFO  manager.MyListener - We have a 'throwable'---->[Ljava.lang.StackTraceElement;@56ea8dfc
11:04:21  INFO  manager.MyListener - This is the link to screen with problem ---> src/test/screenshots/screen-261 .png
11:04:21  INFO  manager.MyListener - 'Start find' element --->By.xpath: //*[text()='Sign Out']
11:04:21  INFO  manager.MyListener - The element with locator --->By.xpath: //*[text()='Sign Out']<----- was found
11:04:21  INFO  manager.MyListener - 'Start find' element --->By.cssSelector: .contact-item_card__2SOIM
11:04:26  INFO  manager.MyListener - The element with locator --->By.cssSelector: .contact-item_card__2SOIM<----- was found
11:04:26  INFO  manager.MyListener - 'Start find' element --->By.cssSelector: .contact-item_card__2SOIM
11:04:31  INFO  manager.MyListener - The element with locator --->By.cssSelector: .contact-item_card__2SOIM<----- was found
11:04:31  INFO  manager.MyListener - 'Start find' element --->By.cssSelector: .contact-item_card__2SOIM
11:04:36  INFO  manager.MyListener - The element with locator --->By.cssSelector: .contact-item_card__2SOIM<----- was found
