20:17:30  INFO  manager.ApplicationManager - Tests start in ChromeDriver
20:17:31  INFO  manager.ApplicationManager - The link is ----> https://contacts-app.tobbymarshall815.vercel.app/
20:17:32  INFO  manager.ApplicationManager - Tests start in ChromeDriver
20:17:33  INFO  manager.ApplicationManager - The link is ----> https://contacts-app.tobbymarshall815.vercel.app/
20:17:33  INFO  manager.MyListener - 'Start find' element --->By.xpath: //*[text()='Sign Out']
20:17:38  INFO  manager.MyListener - The element with locator --->By.xpath: //*[text()='Sign Out']<----- was found
20:17:38  INFO  manager.MyListener - 'Start find' element --->By.cssSelector: [href='/login']
20:17:38  INFO  manager.MyListener - The element with locator --->By.cssSelector: [href='/login']<----- was found
20:17:38  INFO  manager.MyListener - 'Start find' element --->By.xpath: //input[1]
20:17:38  INFO  manager.MyListener - The element with locator --->By.xpath: //input[1]<----- was found
20:17:38  INFO  manager.MyListener - 'Start find' element --->By.xpath: //input[2]
20:17:38  INFO  manager.MyListener - The element with locator --->By.xpath: //input[2]<----- was found
20:17:38  INFO  manager.MyListener - 'Start find' element --->By.xpath: //*[text()=' Login']
20:17:38  INFO  manager.MyListener - The element with locator --->By.xpath: //*[text()=' Login']<----- was found
20:17:39  INFO  manager.MyListener - 'Start find' element --->By.xpath: //*[text()='Sign Out']
20:17:39  INFO  manager.MyListener - The element with locator --->By.xpath: //*[text()='Sign Out']<----- was found
20:17:39  INFO  manager.MyListener - 'Start find' element --->By.cssSelector: [href='/add']
20:17:39  INFO  manager.MyListener - The element with locator --->By.cssSelector: [href='/add']<----- was found
20:17:40  INFO  manager.MyListener - 'Start find' element --->By.cssSelector: [placeholder='Name']
20:17:40  INFO  manager.MyListener - The element with locator --->By.cssSelector: [placeholder='Name']<----- was found
20:17:40  INFO  manager.MyListener - 'Start find' element --->By.cssSelector: [placeholder='Last Name']
20:17:40  INFO  manager.MyListener - The element with locator --->By.cssSelector: [placeholder='Last Name']<----- was found
20:17:40  INFO  manager.MyListener - 'Start find' element --->By.cssSelector: [placeholder='Phone']
20:17:40  INFO  manager.MyListener - The element with locator --->By.cssSelector: [placeholder='Phone']<----- was found
20:17:40  INFO  manager.MyListener - 'Start find' element --->By.cssSelector: [placeholder='email']
20:17:40  INFO  manager.MyListener - The element with locator --->By.cssSelector: [placeholder='email']<----- was found
20:17:40  INFO  manager.MyListener - 'Start find' element --->By.cssSelector: [placeholder='Address']
20:17:40  INFO  manager.MyListener - The element with locator --->By.cssSelector: [placeholder='Address']<----- was found
20:17:40  INFO  manager.MyListener - 'Start find' element --->By.cssSelector: [placeholder='description']
20:17:40  INFO  manager.MyListener - The element with locator --->By.cssSelector: [placeholder='description']<----- was found
20:17:40  INFO  manager.MyListener - 'Start find' element --->By.cssSelector: b
20:17:40  INFO  manager.MyListener - The element with locator --->By.cssSelector: b<----- was found
20:17:40  INFO  manager.MyListener - 'Start find' element --->By.cssSelector: h2
20:17:41  INFO  manager.MyListener - The element with locator --->By.cssSelector: h2<----- was found
20:17:41  INFO  manager.MyListener - 'Start find' element --->By.cssSelector: h3
20:17:41  INFO  manager.MyListener - The element with locator --->By.cssSelector: h3<----- was found
20:17:42  INFO  manager.ApplicationManager - Tests start in ChromeDriver
20:17:42  INFO  manager.ApplicationManager - The link is ----> https://contacts-app.tobbymarshall815.vercel.app/
20:17:42  INFO  manager.MyListener - 'Start find' element --->By.xpath: //*[text()='Sign Out']
20:17:48  INFO  manager.MyListener - The element with locator --->By.xpath: //*[text()='Sign Out']<----- was found
20:17:48  INFO  manager.MyListener - 'Start find' element --->By.cssSelector: [href='/login']
20:17:48  INFO  manager.MyListener - The element with locator --->By.cssSelector: [href='/login']<----- was found
20:17:48  INFO  manager.MyListener - 'Start find' element --->By.xpath: //input[1]
20:17:48  INFO  manager.MyListener - The element with locator --->By.xpath: //input[1]<----- was found
20:17:48  INFO  manager.MyListener - 'Start find' element --->By.xpath: //input[2]
20:17:48  INFO  manager.MyListener - The element with locator --->By.xpath: //input[2]<----- was found
20:17:48  INFO  manager.MyListener - 'Start find' element --->By.xpath: //*[text()=' Login']
20:17:48  INFO  manager.MyListener - The element with locator --->By.xpath: //*[text()=' Login']<----- was found
20:17:48  INFO  manager.MyListener - 'Start find' element --->By.xpath: //*[text()='Sign Out']
20:17:49  INFO  manager.MyListener - The element with locator --->By.xpath: //*[text()='Sign Out']<----- was found
20:17:50  INFO  manager.ApplicationManager - Tests start in ChromeDriver
20:17:50  INFO  manager.ApplicationManager - The link is ----> https://contacts-app.tobbymarshall815.vercel.app/
20:17:50  INFO  manager.MyListener - 'Start find' element --->By.xpath: //*[text()='Sign Out']
20:17:55  INFO  manager.MyListener - The element with locator --->By.xpath: //*[text()='Sign Out']<----- was found
20:17:55  INFO  manager.MyListener - 'Start find' element --->By.cssSelector: [href='/login']
20:17:55  INFO  manager.MyListener - The element with locator --->By.cssSelector: [href='/login']<----- was found
20:17:55  INFO  manager.MyListener - 'Start find' element --->By.xpath: //input[1]
20:17:55  INFO  manager.MyListener - The element with locator --->By.xpath: //input[1]<----- was found
20:17:56  INFO  manager.MyListener - 'Start find' element --->By.xpath: //input[2]
20:17:56  INFO  manager.MyListener - The element with locator --->By.xpath: //input[2]<----- was found
20:17:56  INFO  manager.MyListener - 'Start find' element --->By.xpath: //*[text()=' Login']
20:17:56  INFO  manager.MyListener - The element with locator --->By.xpath: //*[text()=' Login']<----- was found
20:17:57  INFO  manager.MyListener - 'Start find' element --->By.xpath: //*[text()='Sign Out']
20:17:57  INFO  manager.MyListener - The element with locator --->By.xpath: //*[text()='Sign Out']<----- was found
20:17:58  INFO  manager.ApplicationManager - Tests start in ChromeDriver
20:17:58  INFO  manager.ApplicationManager - The link is ----> https://contacts-app.tobbymarshall815.vercel.app/
20:17:58  INFO  manager.MyListener - 'Start find' element --->By.xpath: //*[text()='Sign Out']
20:18:04  INFO  manager.MyListener - The element with locator --->By.xpath: //*[text()='Sign Out']<----- was found
20:18:04  INFO  tests.TestBase - Test starts with email:anna789@gmail.comand password:Aanna12345$$
20:18:04  INFO  manager.MyListener - 'Start find' element --->By.cssSelector: [href='/login']
20:18:04  INFO  manager.MyListener - The element with locator --->By.cssSelector: [href='/login']<----- was found
20:18:04  INFO  manager.MyListener - 'Start find' element --->By.xpath: //input[1]
20:18:04  INFO  manager.MyListener - The element with locator --->By.xpath: //input[1]<----- was found
20:18:04  INFO  manager.MyListener - 'Start find' element --->By.xpath: //input[2]
20:18:04  INFO  manager.MyListener - The element with locator --->By.xpath: //input[2]<----- was found
20:18:04  INFO  manager.MyListener - 'Start find' element --->By.xpath: //*[text()=' Login']
20:18:04  INFO  manager.MyListener - The element with locator --->By.xpath: //*[text()=' Login']<----- was found
20:18:05  INFO  manager.MyListener - 'Start find' element --->By.xpath: //*[text()='Sign Out']
20:18:05  INFO  manager.MyListener - The element with locator --->By.xpath: //*[text()='Sign Out']<----- was found
20:18:06  INFO  manager.ApplicationManager - Tests start in ChromeDriver
20:18:07  INFO  manager.ApplicationManager - The link is ----> https://contacts-app.tobbymarshall815.vercel.app/
20:18:07  INFO  manager.MyListener - 'Start find' element --->By.xpath: //*[text()='Sign Out']
20:18:12  INFO  manager.MyListener - The element with locator --->By.xpath: //*[text()='Sign Out']<----- was found
20:18:12  INFO  tests.TestBase - Test starts with email:anna789@gmail.comand password:Aanna12345$$
20:18:12  INFO  manager.MyListener - 'Start find' element --->By.cssSelector: [href='/login']
20:18:12  INFO  manager.MyListener - The element with locator --->By.cssSelector: [href='/login']<----- was found
20:18:12  INFO  manager.MyListener - 'Start find' element --->By.xpath: //input[1]
20:18:12  INFO  manager.MyListener - The element with locator --->By.xpath: //input[1]<----- was found
20:18:12  INFO  manager.MyListener - 'Start find' element --->By.xpath: //input[2]
20:18:12  INFO  manager.MyListener - The element with locator --->By.xpath: //input[2]<----- was found
20:18:12  INFO  manager.MyListener - 'Start find' element --->By.xpath: //*[text()=' Login']
20:18:12  INFO  manager.MyListener - The element with locator --->By.xpath: //*[text()=' Login']<----- was found
20:18:13  INFO  manager.MyListener - 'Start find' element --->By.xpath: //*[text()='Sign Out']
20:18:13  INFO  manager.MyListener - The element with locator --->By.xpath: //*[text()='Sign Out']<----- was found
20:18:14  INFO  manager.ApplicationManager - Tests start in ChromeDriver
20:18:15  INFO  manager.ApplicationManager - The link is ----> https://contacts-app.tobbymarshall815.vercel.app/
20:18:15  INFO  manager.MyListener - 'Start find' element --->By.xpath: //*[text()='Sign Out']
20:18:20  INFO  manager.MyListener - The element with locator --->By.xpath: //*[text()='Sign Out']<----- was found
20:18:20  INFO  tests.TestBase - Test starts with email:anna789@gmail.comand password:Aanna12345$$
20:18:20  INFO  manager.MyListener - 'Start find' element --->By.cssSelector: [href='/login']
20:18:20  INFO  manager.MyListener - The element with locator --->By.cssSelector: [href='/login']<----- was found
20:18:20  INFO  manager.MyListener - 'Start find' element --->By.xpath: //input[1]
20:18:20  INFO  manager.MyListener - The element with locator --->By.xpath: //input[1]<----- was found
20:18:20  INFO  manager.MyListener - 'Start find' element --->By.xpath: //input[2]
20:18:20  INFO  manager.MyListener - The element with locator --->By.xpath: //input[2]<----- was found
20:18:20  INFO  manager.MyListener - 'Start find' element --->By.xpath: //*[text()=' Login']
20:18:20  INFO  manager.MyListener - The element with locator --->By.xpath: //*[text()=' Login']<----- was found
20:18:21  INFO  manager.MyListener - 'Start find' element --->By.xpath: //*[text()='Sign Out']
20:18:21  INFO  manager.MyListener - The element with locator --->By.xpath: //*[text()='Sign Out']<----- was found
20:18:22  INFO  manager.ApplicationManager - Tests start in ChromeDriver
20:18:23  INFO  manager.ApplicationManager - The link is ----> https://contacts-app.tobbymarshall815.vercel.app/
20:18:23  INFO  manager.MyListener - 'Start find' element --->By.xpath: //*[text()='Sign Out']
20:18:28  INFO  manager.MyListener - The element with locator --->By.xpath: //*[text()='Sign Out']<----- was found
20:18:28  INFO  tests.TestBase - Test starts with email:anna789@gmail.comand password:Aanna12345$$
20:18:28  INFO  manager.MyListener - 'Start find' element --->By.cssSelector: [href='/login']
20:18:28  INFO  manager.MyListener - The element with locator --->By.cssSelector: [href='/login']<----- was found
20:18:28  INFO  manager.MyListener - 'Start find' element --->By.xpath: //input[1]
20:18:28  INFO  manager.MyListener - The element with locator --->By.xpath: //input[1]<----- was found
20:18:28  INFO  manager.MyListener - 'Start find' element --->By.xpath: //input[2]
20:18:28  INFO  manager.MyListener - The element with locator --->By.xpath: //input[2]<----- was found
20:18:28  INFO  manager.MyListener - 'Start find' element --->By.xpath: //*[text()=' Login']
20:18:28  INFO  manager.MyListener - The element with locator --->By.xpath: //*[text()=' Login']<----- was found
20:18:29  INFO  manager.MyListener - 'Start find' element --->By.xpath: //*[text()='Sign Out']
20:18:29  INFO  manager.MyListener - The element with locator --->By.xpath: //*[text()='Sign Out']<----- was found
20:18:33  INFO  manager.ApplicationManager - Tests start in ChromeDriver
20:18:33  INFO  manager.ApplicationManager - The link is ----> https://contacts-app.tobbymarshall815.vercel.app/
20:18:33  INFO  manager.MyListener - 'Start find' element --->By.xpath: //*[text()='Sign Out']
20:18:38  INFO  manager.MyListener - The element with locator --->By.xpath: //*[text()='Sign Out']<----- was found
20:18:38  INFO  tests.TestBase - alex1677@gmail.com
20:18:38  INFO  tests.TestBase - The index is ----> 1677
20:18:38  INFO  manager.MyListener - 'Start find' element --->By.cssSelector: [href='/login']
20:18:39  INFO  manager.MyListener - The element with locator --->By.cssSelector: [href='/login']<----- was found
20:18:39  INFO  manager.MyListener - 'Start find' element --->By.xpath: //input[1]
20:18:39  INFO  manager.MyListener - The element with locator --->By.xpath: //input[1]<----- was found
20:18:39  INFO  manager.MyListener - 'Start find' element --->By.xpath: //input[2]
20:18:39  INFO  manager.MyListener - The element with locator --->By.xpath: //input[2]<----- was found
20:18:39  INFO  manager.MyListener - 'Start find' element --->By.xpath: //button[2]
20:18:39  INFO  manager.MyListener - The element with locator --->By.xpath: //button[2]<----- was found
20:18:39  INFO  manager.MyListener - 'Start find' element --->By.xpath: //*[text()='Sign Out']
20:18:39  INFO  manager.MyListener - The element with locator --->By.xpath: //*[text()='Sign Out']<----- was found
