20:28:50  INFO  manager.ApplicationManager - Tests start in ChromeDriver
20:28:51  INFO  manager.ApplicationManager - The link is ----> https://contacts-app.tobbymarshall815.vercel.app/
20:28:52  INFO  manager.ApplicationManager - Tests start in ChromeDriver
20:28:53  INFO  manager.ApplicationManager - The link is ----> https://contacts-app.tobbymarshall815.vercel.app/
20:28:53  INFO  manager.MyListener - 'Start find' element --->By.xpath: //*[text()='Sign Out']
20:28:58  INFO  manager.MyListener - The element with locator --->By.xpath: //*[text()='Sign Out']<----- was found
20:28:58  INFO  manager.MyListener - 'Start find' element --->By.cssSelector: [href='/login']
20:28:58  INFO  manager.MyListener - The element with locator --->By.cssSelector: [href='/login']<----- was found
20:28:58  INFO  manager.MyListener - 'Start find' element --->By.xpath: //input[1]
20:28:58  INFO  manager.MyListener - The element with locator --->By.xpath: //input[1]<----- was found
20:28:58  INFO  manager.MyListener - 'Start find' element --->By.xpath: //input[2]
20:28:58  INFO  manager.MyListener - The element with locator --->By.xpath: //input[2]<----- was found
20:28:58  INFO  manager.MyListener - 'Start find' element --->By.xpath: //*[text()=' Login']
20:28:58  INFO  manager.MyListener - The element with locator --->By.xpath: //*[text()=' Login']<----- was found
20:28:59  INFO  manager.MyListener - 'Start find' element --->By.xpath: //*[text()='Sign Out']
20:28:59  INFO  manager.MyListener - The element with locator --->By.xpath: //*[text()='Sign Out']<----- was found
20:28:59  INFO  manager.MyListener - 'Start find' element --->By.cssSelector: .contact-item_card__2SOIM
20:28:59  INFO  manager.MyListener - The element with locator --->By.cssSelector: .contact-item_card__2SOIM<----- was found
20:28:59  INFO  manager.MyListener - 'Start find' element --->By.cssSelector: .contact-item_card__2SOIM
20:28:59  INFO  manager.MyListener - The element with locator --->By.cssSelector: .contact-item_card__2SOIM<----- was found
20:28:59  INFO  manager.MyListener - 'Start find' element --->By.xpath: //button[text()='Remove']
20:28:59  INFO  manager.MyListener - The element with locator --->By.xpath: //button[text()='Remove']<----- was found
20:29:04  INFO  manager.MyListener - 'Start find' element --->By.cssSelector: .contact-item_card__2SOIM
20:29:04  INFO  manager.MyListener - The element with locator --->By.cssSelector: .contact-item_card__2SOIM<----- was found
20:29:04  INFO  manager.MyListener - 'Start find' element --->By.xpath: //button[text()='Remove']
20:29:04  INFO  manager.MyListener - The element with locator --->By.xpath: //button[text()='Remove']<----- was found
20:29:09  INFO  manager.MyListener - 'Start find' element --->By.cssSelector: .contact-item_card__2SOIM
20:29:10  INFO  manager.MyListener - The element with locator --->By.cssSelector: .contact-item_card__2SOIM<----- was found
20:29:10  INFO  manager.MyListener - 'Start find' element --->By.xpath: //button[text()='Remove']
20:29:10  INFO  manager.MyListener - The element with locator --->By.xpath: //button[text()='Remove']<----- was found
20:29:15  INFO  manager.MyListener - 'Start find' element --->By.cssSelector: .contact-item_card__2SOIM
20:29:15  INFO  manager.MyListener - The element with locator --->By.cssSelector: .contact-item_card__2SOIM<----- was found
20:29:15  INFO  manager.MyListener - 'Start find' element --->By.xpath: //button[text()='Remove']
20:29:15  INFO  manager.MyListener - The element with locator --->By.xpath: //button[text()='Remove']<----- was found
20:29:20  INFO  manager.MyListener - 'Start find' element --->By.cssSelector: .contact-item_card__2SOIM
20:29:20  INFO  manager.MyListener - The element with locator --->By.cssSelector: .contact-item_card__2SOIM<----- was found
20:29:20  INFO  manager.MyListener - 'Start find' element --->By.xpath: //button[text()='Remove']
20:29:20  INFO  manager.MyListener - The element with locator --->By.xpath: //button[text()='Remove']<----- was found
20:29:25  INFO  manager.MyListener - 'Start find' element --->By.cssSelector: .contact-item_card__2SOIM
20:29:25  INFO  manager.MyListener - The element with locator --->By.cssSelector: .contact-item_card__2SOIM<----- was found
20:29:25  INFO  manager.MyListener - 'Start find' element --->By.xpath: //button[text()='Remove']
20:29:25  INFO  manager.MyListener - The element with locator --->By.xpath: //button[text()='Remove']<----- was found
20:29:30  INFO  manager.MyListener - 'Start find' element --->By.cssSelector: .contact-item_card__2SOIM
20:29:30  INFO  manager.MyListener - The element with locator --->By.cssSelector: .contact-item_card__2SOIM<----- was found
20:29:30  INFO  manager.MyListener - 'Start find' element --->By.xpath: //button[text()='Remove']
20:29:30  INFO  manager.MyListener - The element with locator --->By.xpath: //button[text()='Remove']<----- was found
20:29:35  INFO  manager.MyListener - 'Start find' element --->By.cssSelector: .contact-item_card__2SOIM
20:29:35  INFO  manager.MyListener - The element with locator --->By.cssSelector: .contact-item_card__2SOIM<----- was found
20:29:35  INFO  manager.MyListener - 'Start find' element --->By.xpath: //button[text()='Remove']
20:29:35  INFO  manager.MyListener - The element with locator --->By.xpath: //button[text()='Remove']<----- was found
