20:04:06  DEBUG org.testng.TestNG - suiteXmlPath: "C:\COMP\QA 32\Automation\Qa32_PhoneBook1\src\test\resources\testng.xml"
20:04:06  DEBUG org.testng.internal.Graph - [Graph] ADDING NODE TestBase.setUp()[pri:0, instance:null] 2045031788
20:04:06  DEBUG org.testng.internal.Graph - [Graph] ================ SORTING
20:04:06  DEBUG org.testng.internal.Graph - [Graph] =============== DONE SORTING
20:04:06  DEBUG org.testng.internal.Graph - [Graph] ====== SORTED NODES
20:04:06  DEBUG org.testng.internal.Graph - [Graph] ====== END SORTED NODES
20:04:06  DEBUG org.testng.internal.Graph - [Graph] ADDING NODE TestBase.tearDown()[pri:0, instance:null] -475375085
20:04:06  DEBUG org.testng.internal.Graph - [Graph] ================ SORTING
20:04:06  DEBUG org.testng.internal.Graph - [Graph] =============== DONE SORTING
20:04:06  DEBUG org.testng.internal.Graph - [Graph] ====== SORTED NODES
20:04:06  DEBUG org.testng.internal.Graph - [Graph] ====== END SORTED NODES
20:04:06  DEBUG org.testng.internal.Graph - [Graph] ADDING NODE LoginTests.preCondition()[pri:0, instance:null] 657573916
20:04:06  DEBUG org.testng.internal.Graph - [Graph] ================ SORTING
20:04:06  DEBUG org.testng.internal.Graph - [Graph] =============== DONE SORTING
20:04:06  DEBUG org.testng.internal.Graph - [Graph] ====== SORTED NODES
20:04:06  DEBUG org.testng.internal.Graph - [Graph] ====== END SORTED NODES
20:04:06  DEBUG org.testng.internal.Graph - [Graph] ADDING NODE TestBase.setUp()[pri:0, instance:null] 2045031788
20:04:06  DEBUG org.testng.internal.Graph - [Graph] ================ SORTING
20:04:06  DEBUG org.testng.internal.Graph - [Graph] =============== DONE SORTING
20:04:06  DEBUG org.testng.internal.Graph - [Graph] ====== SORTED NODES
20:04:06  DEBUG org.testng.internal.Graph - [Graph] ====== END SORTED NODES
20:04:06  DEBUG org.testng.internal.Graph - [Graph] ADDING NODE TestBase.tearDown()[pri:0, instance:null] -475375085
20:04:06  DEBUG org.testng.internal.Graph - [Graph] ================ SORTING
20:04:06  DEBUG org.testng.internal.Graph - [Graph] =============== DONE SORTING
20:04:06  DEBUG org.testng.internal.Graph - [Graph] ====== SORTED NODES
20:04:06  DEBUG org.testng.internal.Graph - [Graph] ====== END SORTED NODES
20:04:06  DEBUG org.testng.internal.Graph - [Graph] ADDING NODE AddNewContactTest.preCondition()[pri:0, instance:null] -886126851
20:04:06  DEBUG org.testng.internal.Graph - [Graph] ================ SORTING
20:04:06  DEBUG org.testng.internal.Graph - [Graph] =============== DONE SORTING
20:04:06  DEBUG org.testng.internal.Graph - [Graph] ====== SORTED NODES
20:04:06  DEBUG org.testng.internal.Graph - [Graph] ====== END SORTED NODES
20:04:06  DEBUG org.testng.internal.Graph - [Graph] ADDING NODE TestBase.setUp()[pri:0, instance:null] 2045031788
20:04:06  DEBUG org.testng.internal.Graph - [Graph] ================ SORTING
20:04:06  DEBUG org.testng.internal.Graph - [Graph] =============== DONE SORTING
20:04:06  DEBUG org.testng.internal.Graph - [Graph] ====== SORTED NODES
20:04:06  DEBUG org.testng.internal.Graph - [Graph] ====== END SORTED NODES
20:04:06  DEBUG org.testng.internal.Graph - [Graph] ADDING NODE TestBase.tearDown()[pri:0, instance:null] -475375085
20:04:06  DEBUG org.testng.internal.Graph - [Graph] ================ SORTING
20:04:06  DEBUG org.testng.internal.Graph - [Graph] =============== DONE SORTING
20:04:06  DEBUG org.testng.internal.Graph - [Graph] ====== SORTED NODES
20:04:06  DEBUG org.testng.internal.Graph - [Graph] ====== END SORTED NODES
20:04:06  DEBUG org.testng.internal.Graph - [Graph] ADDING NODE RegistrationTests.preCondition()[pri:0, instance:null] -832803934
20:04:06  DEBUG org.testng.internal.Graph - [Graph] ================ SORTING
20:04:06  DEBUG org.testng.internal.Graph - [Graph] =============== DONE SORTING
20:04:06  DEBUG org.testng.internal.Graph - [Graph] ====== SORTED NODES
20:04:06  DEBUG org.testng.internal.Graph - [Graph] ====== END SORTED NODES
20:04:06  DEBUG org.testng.internal.Graph - [Graph] ADDING NODE TestBase.setUp()[pri:0, instance:null] 2045031788
20:04:06  DEBUG org.testng.internal.Graph - [Graph] ================ SORTING
20:04:06  DEBUG org.testng.internal.Graph - [Graph] =============== DONE SORTING
20:04:06  DEBUG org.testng.internal.Graph - [Graph] ====== SORTED NODES
20:04:06  DEBUG org.testng.internal.Graph - [Graph] ====== END SORTED NODES
20:04:06  DEBUG org.testng.internal.Graph - [Graph] ADDING NODE TestBase.tearDown()[pri:0, instance:null] -475375085
20:04:06  DEBUG org.testng.internal.Graph - [Graph] ================ SORTING
20:04:06  DEBUG org.testng.internal.Graph - [Graph] =============== DONE SORTING
20:04:06  DEBUG org.testng.internal.Graph - [Graph] ====== SORTED NODES
20:04:06  DEBUG org.testng.internal.Graph - [Graph] ====== END SORTED NODES
20:04:06  DEBUG org.testng.internal.Graph - [Graph] ADDING NODE RemoveContact.preCondition()[pri:0, instance:null] -2071334762
20:04:06  DEBUG org.testng.internal.Graph - [Graph] ================ SORTING
20:04:06  DEBUG org.testng.internal.Graph - [Graph] =============== DONE SORTING
20:04:06  DEBUG org.testng.internal.Graph - [Graph] ====== SORTED NODES
20:04:06  DEBUG org.testng.internal.Graph - [Graph] ====== END SORTED NODES
20:04:06  DEBUG org.testng.internal.Graph - [Graph] ADDING NODE TestBase.setUp()[pri:0, instance:tests.LoginTests@a6d85cf] -853574173
20:04:06  DEBUG org.testng.internal.Graph - [Graph] ================ SORTING
20:04:06  DEBUG org.testng.internal.Graph - [Graph] =============== DONE SORTING
20:04:06  DEBUG org.testng.internal.Graph - [Graph] ====== SORTED NODES
20:04:06  DEBUG org.testng.internal.Graph - [Graph] ====== END SORTED NODES
20:04:06  DEBUG org.testng.internal.Graph - [Graph] ADDING NODE LoginTests.loginSuccess()[pri:0, instance:tests.LoginTests@a6d85cf] 1073985361
20:04:06  DEBUG org.testng.internal.Graph - [Graph] ADDING NODE LoginTests.loginNegativeWrongPassword()[pri:0, instance:tests.LoginTests@a6d85cf] -1823666079
20:04:06  DEBUG org.testng.internal.Graph - [Graph] ADDING NODE LoginTests.loginModelDataProviderCSV(models.User)[pri:0, instance:tests.LoginTests@a6d85cf] 270592674
20:04:06  DEBUG org.testng.internal.Graph - [Graph] ADDING NODE LoginTests.loginModelDataProvider(models.User)[pri:0, instance:tests.LoginTests@a6d85cf] -581487118
20:04:06  DEBUG org.testng.internal.Graph - [Graph] ADDING NODE LoginTests.loginSuccessNew(java.lang.String,java.lang.String)[pri:0, instance:tests.LoginTests@a6d85cf] 1175966029
20:04:06  DEBUG org.testng.internal.Graph - [Graph] ADDING NODE AddNewContactTest.addNewContactSuccess()[pri:0, instance:tests.AddNewContactTest@58cbb414] 1075665617
20:04:06  DEBUG org.testng.internal.Graph - [Graph] ADDING NODE RegistrationTests.registrationSuccess()[pri:0, instance:tests.RegistrationTests@73ad075d] 49863181
20:04:06  DEBUG org.testng.internal.Graph - [Graph] ADDING NODE RemoveContact.removeAllContacts()[pri:2, instance:tests.RemoveContact@5d0eafb0] 1265429266
20:04:06  DEBUG org.testng.internal.Graph - [Graph] ADDING NODE RemoveContact.removeOneContact()[pri:0, instance:tests.RemoveContact@5d0eafb0] 221817312
20:04:06  DEBUG org.testng.internal.Graph - [Graph] ADDING NODE RemoveContact.removeOneContact1()[pri:1, instance:tests.RemoveContact@5d0eafb0] 819747381
20:04:06  DEBUG org.testng.internal.Graph - [Graph] ================ SORTING
20:04:06  DEBUG org.testng.internal.Graph - [Graph] =============== DONE SORTING
20:04:06  DEBUG org.testng.internal.Graph - [Graph] ====== SORTED NODES
20:04:06  DEBUG org.testng.internal.Graph - [Graph] ====== END SORTED NODES
20:04:06  DEBUG org.testng.internal.Graph - [Graph] ADDING NODE TestBase.tearDown()[pri:0, instance:tests.LoginTests@a6d85cf] -1676775908
20:04:06  DEBUG org.testng.internal.Graph - [Graph] ================ SORTING
20:04:06  DEBUG org.testng.internal.Graph - [Graph] =============== DONE SORTING
20:04:06  DEBUG org.testng.internal.Graph - [Graph] ====== SORTED NODES
20:04:06  DEBUG org.testng.internal.Graph - [Graph] ====== END SORTED NODES
20:04:08  INFO  manager.ApplicationManager - Tests start in ChromeDriver
20:04:11  INFO  manager.ApplicationManager - The link is ----> https://contacts-app.tobbymarshall815.vercel.app/
20:04:11  INFO  manager.MyListener - 'Start find' element --->By.xpath: //*[text()='Sign Out']
20:04:16  INFO  manager.MyListener - The element with locator --->By.xpath: //*[text()='Sign Out']<----- was found
20:04:16  INFO  manager.MyListener - 'Start find' element --->By.cssSelector: [href='/login']
20:04:16  INFO  manager.MyListener - The element with locator --->By.cssSelector: [href='/login']<----- was found
20:04:17  INFO  manager.MyListener - 'Start find' element --->By.xpath: //input[1]
20:04:17  INFO  manager.MyListener - The element with locator --->By.xpath: //input[1]<----- was found
20:04:17  INFO  manager.MyListener - 'Start find' element --->By.xpath: //input[2]
20:04:17  INFO  manager.MyListener - The element with locator --->By.xpath: //input[2]<----- was found
20:04:17  INFO  manager.MyListener - 'Start find' element --->By.xpath: //*[text()=' Login']
20:04:17  INFO  manager.MyListener - The element with locator --->By.xpath: //*[text()=' Login']<----- was found
20:04:17  INFO  manager.MyListener - 'Start find' element --->By.xpath: //*[text()='Sign Out']
20:04:22  INFO  manager.MyListener - The element with locator --->By.xpath: //*[text()='Sign Out']<----- was found
20:04:22  INFO  manager.MyListener - 'Start find' element --->By.xpath: //*[text()='Sign Out']
20:04:27  INFO  manager.MyListener - The element with locator --->By.xpath: //*[text()='Sign Out']<----- was found
20:04:27  INFO  manager.MyListener - 'Start find' element --->By.cssSelector: [href='/login']
20:04:27  INFO  manager.MyListener - The element with locator --->By.cssSelector: [href='/login']<----- was found
20:04:27  INFO  manager.MyListener - 'Start find' element --->By.xpath: //input[1]
20:04:32  INFO  manager.MyListener - We have a 'throwable'---->no such element: Unable to locate element: {"method":"xpath","selector":"//input[1]"}
  (Session info: chrome=100.0.4896.127)
For documentation on this error, please visit: https://www.seleniumhq.org/exceptions/no_such_element.html
Build info: version: '3.141.59', revision: 'e82be7d358', time: '2018-11-14T08:17:03'
System info: host: 'DESKTOP-5S6QGPI', ip: '10.103.20.60', os.name: 'Windows 10', os.arch: 'amd64', os.version: '10.0', java.version: '11.0.14'
Driver info: org.openqa.selenium.chrome.ChromeDriver
Capabilities {acceptInsecureCerts: false, browserName: chrome, browserVersion: 100.0.4896.127, chrome: {chromedriverVersion: 100.0.4896.60 (6a5d10861ce8..., userDataDir: C:\Users\alexa\AppData\Loca...}, goog:chromeOptions: {debuggerAddress: localhost:51515}, javascriptEnabled: true, networkConnectionEnabled: false, pageLoadStrategy: normal, platform: WINDOWS, platformName: WINDOWS, proxy: Proxy(), setWindowRect: true, strictFileInteractability: false, timeouts: {implicit: 0, pageLoad: 300000, script: 30000}, unhandledPromptBehavior: dismiss and notify, webauthn:extension:credBlob: true, webauthn:extension:largeBlob: true, webauthn:virtualAuthenticators: true}
Session ID: c015327ad8d72fa3a080eb556ff3a265
*** Element info: {Using=xpath, value=//input[1]}
20:04:32  INFO  manager.MyListener - We have a 'throwable'---->org.openqa.selenium.NoSuchElementException: no such element: Unable to locate element: {"method":"xpath","selector":"//input[1]"}
  (Session info: chrome=100.0.4896.127)
For documentation on this error, please visit: https://www.seleniumhq.org/exceptions/no_such_element.html
Build info: version: '3.141.59', revision: 'e82be7d358', time: '2018-11-14T08:17:03'
System info: host: 'DESKTOP-5S6QGPI', ip: '10.103.20.60', os.name: 'Windows 10', os.arch: 'amd64', os.version: '10.0', java.version: '11.0.14'
Driver info: org.openqa.selenium.chrome.ChromeDriver
Capabilities {acceptInsecureCerts: false, browserName: chrome, browserVersion: 100.0.4896.127, chrome: {chromedriverVersion: 100.0.4896.60 (6a5d10861ce8..., userDataDir: C:\Users\alexa\AppData\Loca...}, goog:chromeOptions: {debuggerAddress: localhost:51515}, javascriptEnabled: true, networkConnectionEnabled: false, pageLoadStrategy: normal, platform: WINDOWS, platformName: WINDOWS, proxy: Proxy(), setWindowRect: true, strictFileInteractability: false, timeouts: {implicit: 0, pageLoad: 300000, script: 30000}, unhandledPromptBehavior: dismiss and notify, webauthn:extension:credBlob: true, webauthn:extension:largeBlob: true, webauthn:virtualAuthenticators: true}
Session ID: c015327ad8d72fa3a080eb556ff3a265
*** Element info: {Using=xpath, value=//input[1]}
20:04:32  INFO  manager.MyListener - We have a 'throwable'---->[Ljava.lang.StackTraceElement;@2932adad
20:04:32  INFO  manager.MyListener - This is the link to screen with problem ---> src/test/screenshots/screen-272 .png
20:04:32  INFO  manager.MyListener - 'Start find' element --->By.xpath: //*[text()='Sign Out']
20:04:37  INFO  manager.MyListener - The element with locator --->By.xpath: //*[text()='Sign Out']<----- was found
20:04:37  INFO  manager.MyListener - 'Start find' element --->By.cssSelector: [href='/login']
20:04:37  INFO  manager.MyListener - The element with locator --->By.cssSelector: [href='/login']<----- was found
20:04:37  INFO  manager.MyListener - 'Start find' element --->By.xpath: //input[1]
20:04:42  INFO  manager.MyListener - We have a 'throwable'---->no such element: Unable to locate element: {"method":"xpath","selector":"//input[1]"}
  (Session info: chrome=100.0.4896.127)
For documentation on this error, please visit: https://www.seleniumhq.org/exceptions/no_such_element.html
Build info: version: '3.141.59', revision: 'e82be7d358', time: '2018-11-14T08:17:03'
System info: host: 'DESKTOP-5S6QGPI', ip: '10.103.20.60', os.name: 'Windows 10', os.arch: 'amd64', os.version: '10.0', java.version: '11.0.14'
Driver info: org.openqa.selenium.chrome.ChromeDriver
Capabilities {acceptInsecureCerts: false, browserName: chrome, browserVersion: 100.0.4896.127, chrome: {chromedriverVersion: 100.0.4896.60 (6a5d10861ce8..., userDataDir: C:\Users\alexa\AppData\Loca...}, goog:chromeOptions: {debuggerAddress: localhost:51515}, javascriptEnabled: true, networkConnectionEnabled: false, pageLoadStrategy: normal, platform: WINDOWS, platformName: WINDOWS, proxy: Proxy(), setWindowRect: true, strictFileInteractability: false, timeouts: {implicit: 0, pageLoad: 300000, script: 30000}, unhandledPromptBehavior: dismiss and notify, webauthn:extension:credBlob: true, webauthn:extension:largeBlob: true, webauthn:virtualAuthenticators: true}
Session ID: c015327ad8d72fa3a080eb556ff3a265
*** Element info: {Using=xpath, value=//input[1]}
20:04:42  INFO  manager.MyListener - We have a 'throwable'---->org.openqa.selenium.NoSuchElementException: no such element: Unable to locate element: {"method":"xpath","selector":"//input[1]"}
  (Session info: chrome=100.0.4896.127)
For documentation on this error, please visit: https://www.seleniumhq.org/exceptions/no_such_element.html
Build info: version: '3.141.59', revision: 'e82be7d358', time: '2018-11-14T08:17:03'
System info: host: 'DESKTOP-5S6QGPI', ip: '10.103.20.60', os.name: 'Windows 10', os.arch: 'amd64', os.version: '10.0', java.version: '11.0.14'
Driver info: org.openqa.selenium.chrome.ChromeDriver
Capabilities {acceptInsecureCerts: false, browserName: chrome, browserVersion: 100.0.4896.127, chrome: {chromedriverVersion: 100.0.4896.60 (6a5d10861ce8..., userDataDir: C:\Users\alexa\AppData\Loca...}, goog:chromeOptions: {debuggerAddress: localhost:51515}, javascriptEnabled: true, networkConnectionEnabled: false, pageLoadStrategy: normal, platform: WINDOWS, platformName: WINDOWS, proxy: Proxy(), setWindowRect: true, strictFileInteractability: false, timeouts: {implicit: 0, pageLoad: 300000, script: 30000}, unhandledPromptBehavior: dismiss and notify, webauthn:extension:credBlob: true, webauthn:extension:largeBlob: true, webauthn:virtualAuthenticators: true}
Session ID: c015327ad8d72fa3a080eb556ff3a265
*** Element info: {Using=xpath, value=//input[1]}
20:04:42  INFO  manager.MyListener - We have a 'throwable'---->[Ljava.lang.StackTraceElement;@fe2f081
20:04:43  INFO  manager.MyListener - This is the link to screen with problem ---> src/test/screenshots/screen-282 .png
20:04:43  INFO  manager.MyListener - 'Start find' element --->By.xpath: //*[text()='Sign Out']
20:04:48  INFO  manager.MyListener - The element with locator --->By.xpath: //*[text()='Sign Out']<----- was found
20:04:48  INFO  manager.MyListener - 'Start find' element --->By.cssSelector: [href='/login']
20:04:48  INFO  manager.MyListener - The element with locator --->By.cssSelector: [href='/login']<----- was found
20:04:48  INFO  manager.MyListener - 'Start find' element --->By.xpath: //input[1]
20:04:53  INFO  manager.MyListener - We have a 'throwable'---->no such element: Unable to locate element: {"method":"xpath","selector":"//input[1]"}
  (Session info: chrome=100.0.4896.127)
For documentation on this error, please visit: https://www.seleniumhq.org/exceptions/no_such_element.html
Build info: version: '3.141.59', revision: 'e82be7d358', time: '2018-11-14T08:17:03'
System info: host: 'DESKTOP-5S6QGPI', ip: '10.103.20.60', os.name: 'Windows 10', os.arch: 'amd64', os.version: '10.0', java.version: '11.0.14'
Driver info: org.openqa.selenium.chrome.ChromeDriver
Capabilities {acceptInsecureCerts: false, browserName: chrome, browserVersion: 100.0.4896.127, chrome: {chromedriverVersion: 100.0.4896.60 (6a5d10861ce8..., userDataDir: C:\Users\alexa\AppData\Loca...}, goog:chromeOptions: {debuggerAddress: localhost:51515}, javascriptEnabled: true, networkConnectionEnabled: false, pageLoadStrategy: normal, platform: WINDOWS, platformName: WINDOWS, proxy: Proxy(), setWindowRect: true, strictFileInteractability: false, timeouts: {implicit: 0, pageLoad: 300000, script: 30000}, unhandledPromptBehavior: dismiss and notify, webauthn:extension:credBlob: true, webauthn:extension:largeBlob: true, webauthn:virtualAuthenticators: true}
Session ID: c015327ad8d72fa3a080eb556ff3a265
*** Element info: {Using=xpath, value=//input[1]}
20:04:53  INFO  manager.MyListener - We have a 'throwable'---->org.openqa.selenium.NoSuchElementException: no such element: Unable to locate element: {"method":"xpath","selector":"//input[1]"}
  (Session info: chrome=100.0.4896.127)
For documentation on this error, please visit: https://www.seleniumhq.org/exceptions/no_such_element.html
Build info: version: '3.141.59', revision: 'e82be7d358', time: '2018-11-14T08:17:03'
System info: host: 'DESKTOP-5S6QGPI', ip: '10.103.20.60', os.name: 'Windows 10', os.arch: 'amd64', os.version: '10.0', java.version: '11.0.14'
Driver info: org.openqa.selenium.chrome.ChromeDriver
Capabilities {acceptInsecureCerts: false, browserName: chrome, browserVersion: 100.0.4896.127, chrome: {chromedriverVersion: 100.0.4896.60 (6a5d10861ce8..., userDataDir: C:\Users\alexa\AppData\Loca...}, goog:chromeOptions: {debuggerAddress: localhost:51515}, javascriptEnabled: true, networkConnectionEnabled: false, pageLoadStrategy: normal, platform: WINDOWS, platformName: WINDOWS, proxy: Proxy(), setWindowRect: true, strictFileInteractability: false, timeouts: {implicit: 0, pageLoad: 300000, script: 30000}, unhandledPromptBehavior: dismiss and notify, webauthn:extension:credBlob: true, webauthn:extension:largeBlob: true, webauthn:virtualAuthenticators: true}
Session ID: c015327ad8d72fa3a080eb556ff3a265
*** Element info: {Using=xpath, value=//input[1]}
20:04:53  INFO  manager.MyListener - We have a 'throwable'---->[Ljava.lang.StackTraceElement;@114e6f35
20:04:53  INFO  manager.MyListener - This is the link to screen with problem ---> src/test/screenshots/screen-293 .png
20:04:53  INFO  manager.MyListener - 'Start find' element --->By.xpath: //*[text()='Sign Out']
20:04:57  INFO  manager.MyListener - The element with locator --->By.xpath: //*[text()='Sign Out']<----- was found
20:04:57  INFO  manager.MyListener - 'Start find' element --->By.xpath: //*[text()='Sign Out']
20:04:57  INFO  manager.MyListener - The element with locator --->By.xpath: //*[text()='Sign Out']<----- was found
20:04:57  INFO  manager.MyListener - 'Start find' element --->By.cssSelector: [href='/login']
20:04:57  INFO  manager.MyListener - The element with locator --->By.cssSelector: [href='/login']<----- was found
20:04:57  INFO  manager.MyListener - 'Start find' element --->By.xpath: //input[1]
20:04:57  INFO  manager.MyListener - The element with locator --->By.xpath: //input[1]<----- was found
20:04:57  INFO  manager.MyListener - 'Start find' element --->By.xpath: //input[2]
20:04:57  INFO  manager.MyListener - The element with locator --->By.xpath: //input[2]<----- was found
20:04:57  INFO  manager.MyListener - 'Start find' element --->By.xpath: //*[text()=' Login']
20:04:57  INFO  manager.MyListener - The element with locator --->By.xpath: //*[text()=' Login']<----- was found
20:04:57  INFO  manager.MyListener - 'Start find' element --->By.xpath: //*[text()='Sign Out']
20:04:57  INFO  manager.MyListener - The element with locator --->By.xpath: //*[text()='Sign Out']<----- was found
20:04:57  INFO  manager.MyListener - 'Start find' element --->By.xpath: //*[text()='Sign Out']
20:04:57  INFO  manager.MyListener - The element with locator --->By.xpath: //*[text()='Sign Out']<----- was found
20:04:57  INFO  manager.MyListener - 'Start find' element --->By.xpath: //*[text()='Sign Out']
20:04:57  INFO  manager.MyListener - The element with locator --->By.xpath: //*[text()='Sign Out']<----- was found
20:04:57  INFO  manager.MyListener - 'Start find' element --->By.cssSelector: [href='/login']
20:04:57  INFO  manager.MyListener - The element with locator --->By.cssSelector: [href='/login']<----- was found
20:04:57  INFO  manager.MyListener - 'Start find' element --->By.xpath: //input[1]
20:04:57  INFO  manager.MyListener - The element with locator --->By.xpath: //input[1]<----- was found
20:04:57  INFO  manager.MyListener - 'Start find' element --->By.xpath: //input[2]
20:04:57  INFO  manager.MyListener - The element with locator --->By.xpath: //input[2]<----- was found
20:04:57  INFO  manager.MyListener - 'Start find' element --->By.xpath: //*[text()=' Login']
20:04:57  INFO  manager.MyListener - The element with locator --->By.xpath: //*[text()=' Login']<----- was found
20:04:58  INFO  manager.MyListener - 'Start find' element --->By.xpath: //*[text()='Sign Out']
20:04:58  INFO  manager.MyListener - The element with locator --->By.xpath: //*[text()='Sign Out']<----- was found
20:04:58  INFO  manager.MyListener - 'Start find' element --->By.xpath: //*[text()='Sign Out']
20:04:58  INFO  manager.MyListener - The element with locator --->By.xpath: //*[text()='Sign Out']<----- was found
20:04:58  INFO  manager.MyListener - 'Start find' element --->By.xpath: //*[text()='Sign Out']
20:04:58  INFO  manager.MyListener - The element with locator --->By.xpath: //*[text()='Sign Out']<----- was found
20:04:58  INFO  manager.MyListener - 'Start find' element --->By.cssSelector: [href='/login']
20:04:58  INFO  manager.MyListener - The element with locator --->By.cssSelector: [href='/login']<----- was found
20:04:58  INFO  manager.MyListener - 'Start find' element --->By.xpath: //input[1]
20:04:58  INFO  manager.MyListener - The element with locator --->By.xpath: //input[1]<----- was found
20:04:58  INFO  manager.MyListener - 'Start find' element --->By.xpath: //input[2]
20:04:58  INFO  manager.MyListener - The element with locator --->By.xpath: //input[2]<----- was found
20:04:58  INFO  manager.MyListener - 'Start find' element --->By.xpath: //*[text()=' Login']
20:04:58  INFO  manager.MyListener - The element with locator --->By.xpath: //*[text()=' Login']<----- was found
20:04:58  INFO  manager.MyListener - 'Start find' element --->By.xpath: //*[text()='Sign Out']
20:04:58  INFO  manager.MyListener - The element with locator --->By.xpath: //*[text()='Sign Out']<----- was found
20:04:58  INFO  manager.MyListener - 'Start find' element --->By.xpath: //*[text()='Sign Out']
20:04:58  INFO  manager.MyListener - The element with locator --->By.xpath: //*[text()='Sign Out']<----- was found
20:04:58  INFO  manager.MyListener - 'Start find' element --->By.xpath: //*[text()='Sign Out']
20:04:58  INFO  manager.MyListener - The element with locator --->By.xpath: //*[text()='Sign Out']<----- was found
20:04:58  INFO  manager.MyListener - 'Start find' element --->By.cssSelector: [href='/login']
20:04:58  INFO  manager.MyListener - The element with locator --->By.cssSelector: [href='/login']<----- was found
20:04:58  INFO  manager.MyListener - 'Start find' element --->By.xpath: //input[1]
20:04:58  INFO  manager.MyListener - The element with locator --->By.xpath: //input[1]<----- was found
20:04:58  INFO  manager.MyListener - 'Start find' element --->By.xpath: //input[2]
20:04:58  INFO  manager.MyListener - The element with locator --->By.xpath: //input[2]<----- was found
20:04:59  INFO  manager.MyListener - 'Start find' element --->By.xpath: //*[text()=' Login']
20:04:59  INFO  manager.MyListener - The element with locator --->By.xpath: //*[text()=' Login']<----- was found
20:04:59  INFO  manager.MyListener - 'Start find' element --->By.xpath: //*[text()='Sign Out']
20:04:59  INFO  manager.MyListener - The element with locator --->By.xpath: //*[text()='Sign Out']<----- was found
20:04:59  INFO  manager.MyListener - 'Start find' element --->By.xpath: //*[text()='Sign Out']
20:04:59  INFO  manager.MyListener - The element with locator --->By.xpath: //*[text()='Sign Out']<----- was found
20:04:59  INFO  manager.MyListener - 'Start find' element --->By.xpath: //*[text()='Sign Out']
20:04:59  INFO  manager.MyListener - The element with locator --->By.xpath: //*[text()='Sign Out']<----- was found
20:04:59  INFO  manager.MyListener - 'Start find' element --->By.cssSelector: [href='/login']
20:04:59  INFO  manager.MyListener - The element with locator --->By.cssSelector: [href='/login']<----- was found
20:04:59  INFO  manager.MyListener - 'Start find' element --->By.xpath: //input[1]
20:04:59  INFO  manager.MyListener - The element with locator --->By.xpath: //input[1]<----- was found
20:04:59  INFO  manager.MyListener - 'Start find' element --->By.xpath: //input[2]
20:04:59  INFO  manager.MyListener - The element with locator --->By.xpath: //input[2]<----- was found
20:04:59  INFO  manager.MyListener - 'Start find' element --->By.xpath: //*[text()=' Login']
20:04:59  INFO  manager.MyListener - The element with locator --->By.xpath: //*[text()=' Login']<----- was found
20:04:59  INFO  manager.MyListener - 'Start find' element --->By.xpath: //*[text()='Sign Out']
20:04:59  INFO  manager.MyListener - The element with locator --->By.xpath: //*[text()='Sign Out']<----- was found
20:04:59  INFO  manager.MyListener - 'Start find' element --->By.xpath: //*[text()='Sign Out']
20:05:04  INFO  manager.MyListener - The element with locator --->By.xpath: //*[text()='Sign Out']<----- was found
20:05:04  INFO  manager.MyListener - 'Start find' element --->By.cssSelector: [href='/login']
20:05:04  INFO  manager.MyListener - The element with locator --->By.cssSelector: [href='/login']<----- was found
20:05:04  INFO  manager.MyListener - 'Start find' element --->By.xpath: //input[1]
20:05:04  INFO  manager.MyListener - The element with locator --->By.xpath: //input[1]<----- was found
20:05:05  INFO  manager.MyListener - 'Start find' element --->By.xpath: //input[2]
20:05:05  INFO  manager.MyListener - The element with locator --->By.xpath: //input[2]<----- was found
20:05:05  INFO  manager.MyListener - 'Start find' element --->By.xpath: //*[text()=' Login']
20:05:05  INFO  manager.MyListener - The element with locator --->By.xpath: //*[text()=' Login']<----- was found
20:05:06  INFO  manager.MyListener - 'Start find' element --->By.xpath: //*[text()='Sign Out']
20:05:06  INFO  manager.MyListener - The element with locator --->By.xpath: //*[text()='Sign Out']<----- was found
20:05:06  INFO  manager.MyListener - 'Start find' element --->By.xpath: //*[text()='Sign Out']
20:05:06  INFO  manager.MyListener - The element with locator --->By.xpath: //*[text()='Sign Out']<----- was found
20:05:06  INFO  manager.MyListener - 'Start find' element --->By.xpath: //*[text()='Sign Out']
20:05:06  INFO  manager.MyListener - The element with locator --->By.xpath: //*[text()='Sign Out']<----- was found
20:05:06  INFO  tests.TestBase - Test starts with email:anna789@gmail.comand password:Aanna12345$$
20:05:06  INFO  manager.MyListener - 'Start find' element --->By.cssSelector: [href='/login']
20:05:06  INFO  manager.MyListener - The element with locator --->By.cssSelector: [href='/login']<----- was found
20:05:06  INFO  manager.MyListener - 'Start find' element --->By.xpath: //input[1]
20:05:06  INFO  manager.MyListener - The element with locator --->By.xpath: //input[1]<----- was found
20:05:06  INFO  manager.MyListener - 'Start find' element --->By.xpath: //input[2]
20:05:06  INFO  manager.MyListener - The element with locator --->By.xpath: //input[2]<----- was found
20:05:06  INFO  manager.MyListener - 'Start find' element --->By.xpath: //*[text()=' Login']
20:05:06  INFO  manager.MyListener - The element with locator --->By.xpath: //*[text()=' Login']<----- was found
20:05:07  INFO  manager.MyListener - 'Start find' element --->By.xpath: //*[text()='Sign Out']
20:05:07  INFO  manager.MyListener - The element with locator --->By.xpath: //*[text()='Sign Out']<----- was found
20:05:07  INFO  tests.TestBase - Test is passed
20:05:07  INFO  manager.MyListener - 'Start find' element --->By.xpath: //*[text()='Sign Out']
20:05:07  INFO  manager.MyListener - The element with locator --->By.xpath: //*[text()='Sign Out']<----- was found
20:05:07  INFO  manager.MyListener - 'Start find' element --->By.xpath: //*[text()='Sign Out']
20:05:07  INFO  manager.MyListener - The element with locator --->By.xpath: //*[text()='Sign Out']<----- was found
20:05:07  INFO  tests.TestBase - Test starts with email:anna789@gmail.comand password:Aanna12345$$
20:05:07  INFO  manager.MyListener - 'Start find' element --->By.cssSelector: [href='/login']
20:05:07  INFO  manager.MyListener - The element with locator --->By.cssSelector: [href='/login']<----- was found
20:05:07  INFO  manager.MyListener - 'Start find' element --->By.xpath: //input[1]
20:05:07  INFO  manager.MyListener - The element with locator --->By.xpath: //input[1]<----- was found
20:05:07  INFO  manager.MyListener - 'Start find' element --->By.xpath: //input[2]
20:05:07  INFO  manager.MyListener - The element with locator --->By.xpath: //input[2]<----- was found
20:05:08  INFO  manager.MyListener - 'Start find' element --->By.xpath: //*[text()=' Login']
20:05:08  INFO  manager.MyListener - The element with locator --->By.xpath: //*[text()=' Login']<----- was found
20:05:09  INFO  manager.MyListener - 'Start find' element --->By.xpath: //*[text()='Sign Out']
20:05:09  INFO  manager.MyListener - The element with locator --->By.xpath: //*[text()='Sign Out']<----- was found
20:05:09  INFO  tests.TestBase - Test is passed
20:05:09  INFO  manager.MyListener - 'Start find' element --->By.xpath: //*[text()='Sign Out']
20:05:09  INFO  manager.MyListener - The element with locator --->By.xpath: //*[text()='Sign Out']<----- was found
20:05:09  INFO  manager.MyListener - 'Start find' element --->By.xpath: //*[text()='Sign Out']
20:05:09  INFO  manager.MyListener - The element with locator --->By.xpath: //*[text()='Sign Out']<----- was found
20:05:09  INFO  tests.TestBase - Test starts with email:anna789@gmail.comand password:Aanna12345$$
20:05:09  INFO  manager.MyListener - 'Start find' element --->By.cssSelector: [href='/login']
20:05:09  INFO  manager.MyListener - The element with locator --->By.cssSelector: [href='/login']<----- was found
20:05:09  INFO  manager.MyListener - 'Start find' element --->By.xpath: //input[1]
20:05:09  INFO  manager.MyListener - The element with locator --->By.xpath: //input[1]<----- was found
20:05:09  INFO  manager.MyListener - 'Start find' element --->By.xpath: //input[2]
20:05:09  INFO  manager.MyListener - The element with locator --->By.xpath: //input[2]<----- was found
20:05:09  INFO  manager.MyListener - 'Start find' element --->By.xpath: //*[text()=' Login']
20:05:09  INFO  manager.MyListener - The element with locator --->By.xpath: //*[text()=' Login']<----- was found
20:05:10  INFO  manager.MyListener - 'Start find' element --->By.xpath: //*[text()='Sign Out']
20:05:10  INFO  manager.MyListener - The element with locator --->By.xpath: //*[text()='Sign Out']<----- was found
20:05:10  INFO  tests.TestBase - Test is passed
20:05:10  INFO  manager.MyListener - 'Start find' element --->By.xpath: //*[text()='Sign Out']
20:05:10  INFO  manager.MyListener - The element with locator --->By.xpath: //*[text()='Sign Out']<----- was found
20:05:10  INFO  manager.MyListener - 'Start find' element --->By.xpath: //*[text()='Sign Out']
20:05:10  INFO  manager.MyListener - The element with locator --->By.xpath: //*[text()='Sign Out']<----- was found
20:05:10  INFO  tests.TestBase - Test starts with email:anna789@gmail.comand password:Aanna12345$$
20:05:10  INFO  manager.MyListener - 'Start find' element --->By.cssSelector: [href='/login']
20:05:10  INFO  manager.MyListener - The element with locator --->By.cssSelector: [href='/login']<----- was found
20:05:10  INFO  manager.MyListener - 'Start find' element --->By.xpath: //input[1]
20:05:10  INFO  manager.MyListener - The element with locator --->By.xpath: //input[1]<----- was found
20:05:10  INFO  manager.MyListener - 'Start find' element --->By.xpath: //input[2]
20:05:10  INFO  manager.MyListener - The element with locator --->By.xpath: //input[2]<----- was found
20:05:10  INFO  manager.MyListener - 'Start find' element --->By.xpath: //*[text()=' Login']
20:05:10  INFO  manager.MyListener - The element with locator --->By.xpath: //*[text()=' Login']<----- was found
20:05:11  INFO  manager.MyListener - 'Start find' element --->By.xpath: //*[text()='Sign Out']
20:05:11  INFO  manager.MyListener - The element with locator --->By.xpath: //*[text()='Sign Out']<----- was found
20:05:11  INFO  tests.TestBase - Test is passed
20:05:11  INFO  manager.MyListener - 'Start find' element --->By.xpath: //*[text()='Sign Out']
20:05:11  INFO  manager.MyListener - The element with locator --->By.xpath: //*[text()='Sign Out']<----- was found
20:05:11  INFO  manager.MyListener - 'Start find' element --->By.cssSelector: [href='/add']
20:05:12  INFO  manager.MyListener - The element with locator --->By.cssSelector: [href='/add']<----- was found
20:05:12  INFO  manager.MyListener - 'Start find' element --->By.cssSelector: [placeholder='Name']
20:05:12  INFO  manager.MyListener - The element with locator --->By.cssSelector: [placeholder='Name']<----- was found
20:05:12  INFO  manager.MyListener - 'Start find' element --->By.cssSelector: [placeholder='Last Name']
20:05:12  INFO  manager.MyListener - The element with locator --->By.cssSelector: [placeholder='Last Name']<----- was found
20:05:12  INFO  manager.MyListener - 'Start find' element --->By.cssSelector: [placeholder='Phone']
20:05:12  INFO  manager.MyListener - The element with locator --->By.cssSelector: [placeholder='Phone']<----- was found
20:05:12  INFO  manager.MyListener - 'Start find' element --->By.cssSelector: [placeholder='email']
20:05:12  INFO  manager.MyListener - The element with locator --->By.cssSelector: [placeholder='email']<----- was found
20:05:13  INFO  manager.MyListener - 'Start find' element --->By.cssSelector: [placeholder='Address']
20:05:13  INFO  manager.MyListener - The element with locator --->By.cssSelector: [placeholder='Address']<----- was found
20:05:13  INFO  manager.MyListener - 'Start find' element --->By.cssSelector: [placeholder='description']
20:05:13  INFO  manager.MyListener - The element with locator --->By.cssSelector: [placeholder='description']<----- was found
20:05:13  INFO  manager.MyListener - 'Start find' element --->By.cssSelector: b
20:05:13  INFO  manager.MyListener - The element with locator --->By.cssSelector: b<----- was found
20:05:13  INFO  manager.MyListener - 'Start find' element --->By.cssSelector: h2
20:05:13  INFO  manager.MyListener - The element with locator --->By.cssSelector: h2<----- was found
20:05:13  INFO  manager.MyListener - 'Start find' element --->By.cssSelector: h3
20:05:13  INFO  manager.MyListener - The element with locator --->By.cssSelector: h3<----- was found
20:05:14  INFO  manager.MyListener - 'Start find' element --->By.xpath: //*[text()='Sign Out']
20:05:14  INFO  manager.MyListener - The element with locator --->By.xpath: //*[text()='Sign Out']<----- was found
20:05:14  INFO  manager.MyListener - 'Start find' element --->By.xpath: //*[text()='Sign Out']
20:05:14  INFO  manager.MyListener - The element with locator --->By.xpath: //*[text()='Sign Out']<----- was found
20:05:14  INFO  tests.TestBase - alex-2894@gmail.com
20:05:14  INFO  tests.TestBase - The index is ----> -2894
20:05:14  INFO  manager.MyListener - 'Start find' element --->By.cssSelector: [href='/login']
20:05:14  INFO  manager.MyListener - The element with locator --->By.cssSelector: [href='/login']<----- was found
20:05:14  INFO  manager.MyListener - 'Start find' element --->By.xpath: //input[1]
20:05:14  INFO  manager.MyListener - The element with locator --->By.xpath: //input[1]<----- was found
20:05:14  INFO  manager.MyListener - 'Start find' element --->By.xpath: //input[2]
20:05:14  INFO  manager.MyListener - The element with locator --->By.xpath: //input[2]<----- was found
20:05:14  INFO  manager.MyListener - 'Start find' element --->By.xpath: //button[2]
20:05:14  INFO  manager.MyListener - The element with locator --->By.xpath: //button[2]<----- was found
20:05:14  INFO  manager.MyListener - 'Start find' element --->By.xpath: //*[text()='Sign Out']
20:05:14  INFO  manager.MyListener - The element with locator --->By.xpath: //*[text()='Sign Out']<----- was found
20:05:14  INFO  manager.MyListener - 'Start find' element --->By.xpath: //*[text()='Sign Out']
20:05:14  INFO  manager.MyListener - The element with locator --->By.xpath: //*[text()='Sign Out']<----- was found
20:05:14  INFO  manager.MyListener - 'Start find' element --->By.cssSelector: [href='/contacts']
20:05:14  INFO  manager.MyListener - The element with locator --->By.cssSelector: [href='/contacts']<----- was found
20:05:14  INFO  tests.TestBase - Contacts are opened
20:05:14  INFO  manager.MyListener - 'Start find' element --->By.cssSelector: .contact-item_card__2SOIM
20:05:19  INFO  manager.MyListener - We have a 'throwable'---->no such element: Unable to locate element: {"method":"css selector","selector":".contact-item_card__2SOIM"}
  (Session info: chrome=100.0.4896.127)
For documentation on this error, please visit: https://www.seleniumhq.org/exceptions/no_such_element.html
Build info: version: '3.141.59', revision: 'e82be7d358', time: '2018-11-14T08:17:03'
System info: host: 'DESKTOP-5S6QGPI', ip: '10.103.20.60', os.name: 'Windows 10', os.arch: 'amd64', os.version: '10.0', java.version: '11.0.14'
Driver info: org.openqa.selenium.chrome.ChromeDriver
Capabilities {acceptInsecureCerts: false, browserName: chrome, browserVersion: 100.0.4896.127, chrome: {chromedriverVersion: 100.0.4896.60 (6a5d10861ce8..., userDataDir: C:\Users\alexa\AppData\Loca...}, goog:chromeOptions: {debuggerAddress: localhost:51515}, javascriptEnabled: true, networkConnectionEnabled: false, pageLoadStrategy: normal, platform: WINDOWS, platformName: WINDOWS, proxy: Proxy(), setWindowRect: true, strictFileInteractability: false, timeouts: {implicit: 0, pageLoad: 300000, script: 30000}, unhandledPromptBehavior: dismiss and notify, webauthn:extension:credBlob: true, webauthn:extension:largeBlob: true, webauthn:virtualAuthenticators: true}
Session ID: c015327ad8d72fa3a080eb556ff3a265
*** Element info: {Using=css selector, value=.contact-item_card__2SOIM}
20:05:19  INFO  manager.MyListener - We have a 'throwable'---->org.openqa.selenium.NoSuchElementException: no such element: Unable to locate element: {"method":"css selector","selector":".contact-item_card__2SOIM"}
  (Session info: chrome=100.0.4896.127)
For documentation on this error, please visit: https://www.seleniumhq.org/exceptions/no_such_element.html
Build info: version: '3.141.59', revision: 'e82be7d358', time: '2018-11-14T08:17:03'
System info: host: 'DESKTOP-5S6QGPI', ip: '10.103.20.60', os.name: 'Windows 10', os.arch: 'amd64', os.version: '10.0', java.version: '11.0.14'
Driver info: org.openqa.selenium.chrome.ChromeDriver
Capabilities {acceptInsecureCerts: false, browserName: chrome, browserVersion: 100.0.4896.127, chrome: {chromedriverVersion: 100.0.4896.60 (6a5d10861ce8..., userDataDir: C:\Users\alexa\AppData\Loca...}, goog:chromeOptions: {debuggerAddress: localhost:51515}, javascriptEnabled: true, networkConnectionEnabled: false, pageLoadStrategy: normal, platform: WINDOWS, platformName: WINDOWS, proxy: Proxy(), setWindowRect: true, strictFileInteractability: false, timeouts: {implicit: 0, pageLoad: 300000, script: 30000}, unhandledPromptBehavior: dismiss and notify, webauthn:extension:credBlob: true, webauthn:extension:largeBlob: true, webauthn:virtualAuthenticators: true}
Session ID: c015327ad8d72fa3a080eb556ff3a265
*** Element info: {Using=css selector, value=.contact-item_card__2SOIM}
20:05:19  INFO  manager.MyListener - We have a 'throwable'---->[Ljava.lang.StackTraceElement;@98ca533
20:05:20  INFO  manager.MyListener - This is the link to screen with problem ---> src/test/screenshots/screen-319 .png
20:05:20  INFO  manager.MyListener - 'Start find' element --->By.xpath: //*[text()='Sign Out']
20:05:20  INFO  manager.MyListener - The element with locator --->By.xpath: //*[text()='Sign Out']<----- was found
20:05:20  INFO  manager.MyListener - 'Start find' element --->By.cssSelector: .contact-item_card__2SOIM
20:05:25  INFO  manager.MyListener - The element with locator --->By.cssSelector: .contact-item_card__2SOIM<----- was found
20:05:25  INFO  manager.MyListener - 'Start find' element --->By.cssSelector: .contact-item_card__2SOIM
20:05:30  INFO  manager.MyListener - The element with locator --->By.cssSelector: .contact-item_card__2SOIM<----- was found
20:05:30  INFO  manager.MyListener - 'Start find' element --->By.cssSelector: .contact-item_card__2SOIM
20:05:35  INFO  manager.MyListener - The element with locator --->By.cssSelector: .contact-item_card__2SOIM<----- was found
20:05:35  INFO  manager.MyListener - 'Start find' element --->By.xpath: //*[text()='Sign Out']
20:05:35  INFO  manager.MyListener - The element with locator --->By.xpath: //*[text()='Sign Out']<----- was found
20:05:35  INFO  manager.MyListener - 'Start find' element --->By.cssSelector: .contact-item_card__2SOIM
20:05:40  INFO  manager.MyListener - The element with locator --->By.cssSelector: .contact-item_card__2SOIM<----- was found
