19:03:56  INFO  manager.ApplicationManager - Tests start in ChromeDriver
19:03:57  INFO  manager.ApplicationManager - The link is ----> https://contacts-app.tobbymarshall815.vercel.app/
19:03:58  INFO  manager.ApplicationManager - Tests start in ChromeDriver
19:03:58  INFO  manager.ApplicationManager - The link is ----> https://contacts-app.tobbymarshall815.vercel.app/
19:03:58  INFO  manager.MyListener - 'Start find' element --->By.xpath: //*[text()='Sign Out']
19:04:04  INFO  manager.MyListener - The element with locator --->By.xpath: //*[text()='Sign Out']<----- was found
19:04:04  INFO  manager.MyListener - 'Start find' element --->By.cssSelector: [href='/login']
19:04:04  INFO  manager.MyListener - The element with locator --->By.cssSelector: [href='/login']<----- was found
19:04:04  INFO  manager.MyListener - 'Start find' element --->By.xpath: //input[1]
19:04:04  INFO  manager.MyListener - The element with locator --->By.xpath: //input[1]<----- was found
19:04:04  INFO  manager.MyListener - 'Start find' element --->By.xpath: //input[2]
19:04:04  INFO  manager.MyListener - The element with locator --->By.xpath: //input[2]<----- was found
19:04:04  INFO  manager.MyListener - 'Start find' element --->By.xpath: //*[text()=' Login']
19:04:04  INFO  manager.MyListener - The element with locator --->By.xpath: //*[text()=' Login']<----- was found
19:04:04  INFO  manager.MyListener - 'Start find' element --->By.xpath: //*[text()='Sign Out']
19:04:05  INFO  manager.MyListener - The element with locator --->By.xpath: //*[text()='Sign Out']<----- was found
19:04:06  INFO  manager.ApplicationManager - Tests start in ChromeDriver
19:04:06  INFO  manager.ApplicationManager - The link is ----> https://contacts-app.tobbymarshall815.vercel.app/
19:04:06  INFO  manager.MyListener - 'Start find' element --->By.xpath: //*[text()='Sign Out']
19:04:11  INFO  manager.MyListener - The element with locator --->By.xpath: //*[text()='Sign Out']<----- was found
19:04:11  INFO  manager.MyListener - 'Start find' element --->By.cssSelector: [href='/login']
19:04:11  INFO  manager.MyListener - The element with locator --->By.cssSelector: [href='/login']<----- was found
19:04:11  INFO  manager.MyListener - 'Start find' element --->By.xpath: //input[1]
19:04:11  INFO  manager.MyListener - The element with locator --->By.xpath: //input[1]<----- was found
19:04:12  INFO  manager.MyListener - 'Start find' element --->By.xpath: //input[2]
19:04:12  INFO  manager.MyListener - The element with locator --->By.xpath: //input[2]<----- was found
19:04:12  INFO  manager.MyListener - 'Start find' element --->By.xpath: //*[text()=' Login']
19:04:12  INFO  manager.MyListener - The element with locator --->By.xpath: //*[text()=' Login']<----- was found
19:04:12  INFO  manager.MyListener - 'Start find' element --->By.xpath: //*[text()='Sign Out']
19:04:12  INFO  manager.MyListener - The element with locator --->By.xpath: //*[text()='Sign Out']<----- was found
19:04:14  INFO  manager.ApplicationManager - Tests start in ChromeDriver
19:04:14  INFO  manager.ApplicationManager - The link is ----> https://contacts-app.tobbymarshall815.vercel.app/
19:04:14  INFO  manager.MyListener - 'Start find' element --->By.xpath: //*[text()='Sign Out']
19:04:19  INFO  manager.MyListener - The element with locator --->By.xpath: //*[text()='Sign Out']<----- was found
19:04:19  INFO  manager.MyListener - 'Start find' element --->By.cssSelector: [href='/login']
19:04:19  INFO  manager.MyListener - The element with locator --->By.cssSelector: [href='/login']<----- was found
19:04:19  INFO  manager.MyListener - 'Start find' element --->By.xpath: //input[1]
19:04:19  INFO  manager.MyListener - The element with locator --->By.xpath: //input[1]<----- was found
19:04:19  INFO  manager.MyListener - 'Start find' element --->By.xpath: //input[2]
19:04:19  INFO  manager.MyListener - The element with locator --->By.xpath: //input[2]<----- was found
19:04:20  INFO  manager.MyListener - 'Start find' element --->By.xpath: //*[text()=' Login']
19:04:20  INFO  manager.MyListener - The element with locator --->By.xpath: //*[text()=' Login']<----- was found
19:04:20  INFO  manager.MyListener - 'Start find' element --->By.xpath: //*[text()='Sign Out']
19:04:20  INFO  manager.MyListener - The element with locator --->By.xpath: //*[text()='Sign Out']<----- was found
19:04:21  INFO  manager.ApplicationManager - Tests start in ChromeDriver
19:04:22  INFO  manager.ApplicationManager - The link is ----> https://contacts-app.tobbymarshall815.vercel.app/
19:04:22  INFO  manager.MyListener - 'Start find' element --->By.xpath: //*[text()='Sign Out']
19:04:27  INFO  manager.MyListener - The element with locator --->By.xpath: //*[text()='Sign Out']<----- was found
19:04:27  INFO  manager.MyListener - 'Start find' element --->By.cssSelector: [href='/login']
19:04:27  INFO  manager.MyListener - The element with locator --->By.cssSelector: [href='/login']<----- was found
19:04:27  INFO  manager.MyListener - 'Start find' element --->By.xpath: //input[1]
19:04:27  INFO  manager.MyListener - The element with locator --->By.xpath: //input[1]<----- was found
19:04:27  INFO  manager.MyListener - 'Start find' element --->By.xpath: //input[2]
19:04:27  INFO  manager.MyListener - The element with locator --->By.xpath: //input[2]<----- was found
19:04:27  INFO  manager.MyListener - 'Start find' element --->By.xpath: //*[text()=' Login']
19:04:27  INFO  manager.MyListener - The element with locator --->By.xpath: //*[text()=' Login']<----- was found
19:04:27  INFO  manager.MyListener - 'Start find' element --->By.xpath: //*[text()='Sign Out']
19:04:28  INFO  manager.MyListener - The element with locator --->By.xpath: //*[text()='Sign Out']<----- was found
