20:30:08  INFO  manager.ApplicationManager - Tests start in ChromeDriver
20:30:09  INFO  manager.ApplicationManager - The link is ----> https://contacts-app.tobbymarshall815.vercel.app/
20:30:10  INFO  manager.ApplicationManager - Tests start in ChromeDriver
20:30:10  INFO  manager.ApplicationManager - The link is ----> https://contacts-app.tobbymarshall815.vercel.app/
20:30:10  INFO  manager.MyListener - 'Start find' element --->By.xpath: //*[text()='Sign Out']
20:30:15  INFO  manager.MyListener - The element with locator --->By.xpath: //*[text()='Sign Out']<----- was found
20:30:15  INFO  manager.MyListener - 'Start find' element --->By.cssSelector: [href='/login']
20:30:15  INFO  manager.MyListener - The element with locator --->By.cssSelector: [href='/login']<----- was found
20:30:15  INFO  manager.MyListener - 'Start find' element --->By.xpath: //input[1]
20:30:15  INFO  manager.MyListener - The element with locator --->By.xpath: //input[1]<----- was found
20:30:15  INFO  manager.MyListener - 'Start find' element --->By.xpath: //input[2]
20:30:15  INFO  manager.MyListener - The element with locator --->By.xpath: //input[2]<----- was found
20:30:16  INFO  manager.MyListener - 'Start find' element --->By.xpath: //*[text()=' Login']
20:30:16  INFO  manager.MyListener - The element with locator --->By.xpath: //*[text()=' Login']<----- was found
20:30:17  INFO  manager.MyListener - 'Start find' element --->By.xpath: //*[text()='Sign Out']
20:30:17  INFO  manager.MyListener - The element with locator --->By.xpath: //*[text()='Sign Out']<----- was found
20:30:17  INFO  manager.MyListener - 'Start find' element --->By.cssSelector: [href='/add']
20:30:17  INFO  manager.MyListener - The element with locator --->By.cssSelector: [href='/add']<----- was found
20:30:17  INFO  manager.MyListener - 'Start find' element --->By.cssSelector: [placeholder='Name']
20:30:17  INFO  manager.MyListener - The element with locator --->By.cssSelector: [placeholder='Name']<----- was found
20:30:17  INFO  manager.MyListener - 'Start find' element --->By.cssSelector: [placeholder='Last Name']
20:30:17  INFO  manager.MyListener - The element with locator --->By.cssSelector: [placeholder='Last Name']<----- was found
20:30:18  INFO  manager.MyListener - 'Start find' element --->By.cssSelector: [placeholder='Phone']
20:30:18  INFO  manager.MyListener - The element with locator --->By.cssSelector: [placeholder='Phone']<----- was found
20:30:18  INFO  manager.MyListener - 'Start find' element --->By.cssSelector: [placeholder='email']
20:30:18  INFO  manager.MyListener - The element with locator --->By.cssSelector: [placeholder='email']<----- was found
20:30:18  INFO  manager.MyListener - 'Start find' element --->By.cssSelector: [placeholder='Address']
20:30:18  INFO  manager.MyListener - The element with locator --->By.cssSelector: [placeholder='Address']<----- was found
20:30:18  INFO  manager.MyListener - 'Start find' element --->By.cssSelector: [placeholder='description']
20:30:18  INFO  manager.MyListener - The element with locator --->By.cssSelector: [placeholder='description']<----- was found
20:30:18  INFO  manager.MyListener - 'Start find' element --->By.cssSelector: b
20:30:18  INFO  manager.MyListener - The element with locator --->By.cssSelector: b<----- was found
20:30:18  INFO  manager.MyListener - 'Start find' element --->By.cssSelector: h2
20:30:18  INFO  manager.MyListener - The element with locator --->By.cssSelector: h2<----- was found
20:30:18  INFO  manager.MyListener - 'Start find' element --->By.cssSelector: h3
20:30:18  INFO  manager.MyListener - The element with locator --->By.cssSelector: h3<----- was found
20:30:20  INFO  manager.ApplicationManager - Tests start in ChromeDriver
20:30:20  INFO  manager.ApplicationManager - The link is ----> https://contacts-app.tobbymarshall815.vercel.app/
20:30:20  INFO  manager.MyListener - 'Start find' element --->By.xpath: //*[text()='Sign Out']
20:30:25  INFO  manager.MyListener - The element with locator --->By.xpath: //*[text()='Sign Out']<----- was found
20:30:25  INFO  manager.MyListener - 'Start find' element --->By.cssSelector: [href='/login']
20:30:25  INFO  manager.MyListener - The element with locator --->By.cssSelector: [href='/login']<----- was found
20:30:25  INFO  manager.MyListener - 'Start find' element --->By.xpath: //input[1]
20:30:25  INFO  manager.MyListener - The element with locator --->By.xpath: //input[1]<----- was found
20:30:26  INFO  manager.MyListener - 'Start find' element --->By.xpath: //input[2]
20:30:26  INFO  manager.MyListener - The element with locator --->By.xpath: //input[2]<----- was found
20:30:26  INFO  manager.MyListener - 'Start find' element --->By.xpath: //*[text()=' Login']
20:30:26  INFO  manager.MyListener - The element with locator --->By.xpath: //*[text()=' Login']<----- was found
20:30:27  INFO  manager.MyListener - 'Start find' element --->By.xpath: //*[text()='Sign Out']
20:30:27  INFO  manager.MyListener - The element with locator --->By.xpath: //*[text()='Sign Out']<----- was found
20:30:27  INFO  manager.MyListener - 'Start find' element --->By.cssSelector: [href='/add']
20:30:27  INFO  manager.MyListener - The element with locator --->By.cssSelector: [href='/add']<----- was found
20:30:27  INFO  manager.MyListener - 'Start find' element --->By.cssSelector: [placeholder='Name']
20:30:27  INFO  manager.MyListener - The element with locator --->By.cssSelector: [placeholder='Name']<----- was found
20:30:27  INFO  manager.MyListener - 'Start find' element --->By.cssSelector: [placeholder='Last Name']
20:30:27  INFO  manager.MyListener - The element with locator --->By.cssSelector: [placeholder='Last Name']<----- was found
20:30:28  INFO  manager.MyListener - 'Start find' element --->By.cssSelector: [placeholder='Phone']
20:30:28  INFO  manager.MyListener - The element with locator --->By.cssSelector: [placeholder='Phone']<----- was found
20:30:28  INFO  manager.MyListener - 'Start find' element --->By.cssSelector: [placeholder='email']
20:30:28  INFO  manager.MyListener - The element with locator --->By.cssSelector: [placeholder='email']<----- was found
20:30:28  INFO  manager.MyListener - 'Start find' element --->By.cssSelector: [placeholder='Address']
20:30:28  INFO  manager.MyListener - The element with locator --->By.cssSelector: [placeholder='Address']<----- was found
20:30:28  INFO  manager.MyListener - 'Start find' element --->By.cssSelector: [placeholder='description']
20:30:28  INFO  manager.MyListener - The element with locator --->By.cssSelector: [placeholder='description']<----- was found
20:30:28  INFO  manager.MyListener - 'Start find' element --->By.cssSelector: b
20:30:28  INFO  manager.MyListener - The element with locator --->By.cssSelector: b<----- was found
20:30:28  INFO  manager.MyListener - 'Start find' element --->By.cssSelector: h2
20:30:28  INFO  manager.MyListener - The element with locator --->By.cssSelector: h2<----- was found
20:30:28  INFO  manager.MyListener - 'Start find' element --->By.cssSelector: h3
20:30:29  INFO  manager.MyListener - The element with locator --->By.cssSelector: h3<----- was found
