20:38:08  INFO  manager.ApplicationManager - Tests start in ChromeDriver
20:38:09  INFO  manager.ApplicationManager - The link is ----> https://contacts-app.tobbymarshall815.vercel.app/
20:38:10  INFO  manager.ApplicationManager - Tests start in ChromeDriver
20:38:10  INFO  manager.ApplicationManager - The link is ----> https://contacts-app.tobbymarshall815.vercel.app/
20:38:10  INFO  manager.MyListener - 'Start find' element --->By.xpath: //*[text()='Sign Out']
20:38:15  INFO  manager.MyListener - The element with locator --->By.xpath: //*[text()='Sign Out']<----- was found
20:38:15  INFO  manager.MyListener - 'Start find' element --->By.cssSelector: [href='/login']
20:38:16  INFO  manager.MyListener - The element with locator --->By.cssSelector: [href='/login']<----- was found
20:38:16  INFO  manager.MyListener - 'Start find' element --->By.xpath: //input[1]
20:38:16  INFO  manager.MyListener - The element with locator --->By.xpath: //input[1]<----- was found
20:38:16  INFO  manager.MyListener - 'Start find' element --->By.xpath: //input[2]
20:38:16  INFO  manager.MyListener - The element with locator --->By.xpath: //input[2]<----- was found
20:38:16  INFO  manager.MyListener - 'Start find' element --->By.xpath: //*[text()=' Login']
20:38:16  INFO  manager.MyListener - The element with locator --->By.xpath: //*[text()=' Login']<----- was found
20:38:17  INFO  manager.MyListener - 'Start find' element --->By.xpath: //*[text()='Sign Out']
20:38:17  INFO  manager.MyListener - The element with locator --->By.xpath: //*[text()='Sign Out']<----- was found
20:38:17  INFO  manager.MyListener - 'Start find' element --->By.cssSelector: [href='/contacts']
20:38:17  INFO  manager.MyListener - The element with locator --->By.cssSelector: [href='/contacts']<----- was found
20:38:17  INFO  manager.MyListener - 'Start find' element --->By.cssSelector: //h2[normalize-space()='Katrin5217']
20:38:17  INFO  manager.MyListener - We have a 'throwable'---->invalid selector: An invalid or illegal selector was specified
  (Session info: chrome=100.0.4896.88)
For documentation on this error, please visit: https://www.seleniumhq.org/exceptions/invalid_selector_exception.html
Build info: version: '3.141.59', revision: 'e82be7d358', time: '2018-11-14T08:17:03'
System info: host: 'DESKTOP-5S6QGPI', ip: '192.168.1.119', os.name: 'Windows 10', os.arch: 'amd64', os.version: '10.0', java.version: '11.0.14'
Driver info: org.openqa.selenium.chrome.ChromeDriver
Capabilities {acceptInsecureCerts: false, browserName: chrome, browserVersion: 100.0.4896.88, chrome: {chromedriverVersion: 100.0.4896.60 (6a5d10861ce8..., userDataDir: C:\Users\alexa\AppData\Loca...}, goog:chromeOptions: {debuggerAddress: localhost:57649}, javascriptEnabled: true, networkConnectionEnabled: false, pageLoadStrategy: normal, platform: WINDOWS, platformName: WINDOWS, proxy: Proxy(), setWindowRect: true, strictFileInteractability: false, timeouts: {implicit: 0, pageLoad: 300000, script: 30000}, unhandledPromptBehavior: dismiss and notify, webauthn:extension:credBlob: true, webauthn:extension:largeBlob: true, webauthn:virtualAuthenticators: true}
Session ID: 5ec1e34a443e5a811620a6e5d4244d6f
*** Element info: {Using=css selector, value=//h2[normalize-space()='Katrin5217']}
20:38:17  INFO  manager.MyListener - We have a 'throwable'---->org.openqa.selenium.InvalidSelectorException: invalid selector: An invalid or illegal selector was specified
  (Session info: chrome=100.0.4896.88)
For documentation on this error, please visit: https://www.seleniumhq.org/exceptions/invalid_selector_exception.html
Build info: version: '3.141.59', revision: 'e82be7d358', time: '2018-11-14T08:17:03'
System info: host: 'DESKTOP-5S6QGPI', ip: '192.168.1.119', os.name: 'Windows 10', os.arch: 'amd64', os.version: '10.0', java.version: '11.0.14'
Driver info: org.openqa.selenium.chrome.ChromeDriver
Capabilities {acceptInsecureCerts: false, browserName: chrome, browserVersion: 100.0.4896.88, chrome: {chromedriverVersion: 100.0.4896.60 (6a5d10861ce8..., userDataDir: C:\Users\alexa\AppData\Loca...}, goog:chromeOptions: {debuggerAddress: localhost:57649}, javascriptEnabled: true, networkConnectionEnabled: false, pageLoadStrategy: normal, platform: WINDOWS, platformName: WINDOWS, proxy: Proxy(), setWindowRect: true, strictFileInteractability: false, timeouts: {implicit: 0, pageLoad: 300000, script: 30000}, unhandledPromptBehavior: dismiss and notify, webauthn:extension:credBlob: true, webauthn:extension:largeBlob: true, webauthn:virtualAuthenticators: true}
Session ID: 5ec1e34a443e5a811620a6e5d4244d6f
*** Element info: {Using=css selector, value=//h2[normalize-space()='Katrin5217']}
20:38:17  INFO  manager.MyListener - We have a 'throwable'---->[Ljava.lang.StackTraceElement;@4d65c672
20:38:17  INFO  manager.MyListener - This is the link to screen with problem ---> src/test/screenshots/screen-2297 .png
