20:26:08  INFO  manager.ApplicationManager - Tests start in ChromeDriver
20:26:09  INFO  manager.ApplicationManager - The link is ----> https://contacts-app.tobbymarshall815.vercel.app/
20:26:10  INFO  manager.ApplicationManager - Tests start in ChromeDriver
20:26:10  INFO  manager.ApplicationManager - The link is ----> https://contacts-app.tobbymarshall815.vercel.app/
20:26:10  INFO  manager.MyListener - 'Start find' element --->By.xpath: //*[text()='Sign Out']
20:26:16  INFO  manager.MyListener - The element with locator --->By.xpath: //*[text()='Sign Out']<----- was found
20:26:16  INFO  manager.MyListener - 'Start find' element --->By.cssSelector: [href='/login']
20:26:16  INFO  manager.MyListener - The element with locator --->By.cssSelector: [href='/login']<----- was found
20:26:16  INFO  manager.MyListener - 'Start find' element --->By.xpath: //input[1]
20:26:16  INFO  manager.MyListener - The element with locator --->By.xpath: //input[1]<----- was found
20:26:16  INFO  manager.MyListener - 'Start find' element --->By.xpath: //input[2]
20:26:16  INFO  manager.MyListener - The element with locator --->By.xpath: //input[2]<----- was found
20:26:16  INFO  manager.MyListener - 'Start find' element --->By.xpath: //*[text()=' Login']
20:26:16  INFO  manager.MyListener - The element with locator --->By.xpath: //*[text()=' Login']<----- was found
20:26:17  INFO  manager.MyListener - 'Start find' element --->By.xpath: //*[text()='Sign Out']
20:26:17  INFO  manager.MyListener - The element with locator --->By.xpath: //*[text()='Sign Out']<----- was found
20:26:17  INFO  manager.MyListener - 'Start find' element --->By.cssSelector: .contact-item_card__2SOIM
20:26:17  INFO  manager.MyListener - The element with locator --->By.cssSelector: .contact-item_card__2SOIM<----- was found
20:26:17  INFO  manager.MyListener - 'Start find' element --->By.cssSelector: .contact-item_card__2SOIM
20:26:17  INFO  manager.MyListener - The element with locator --->By.cssSelector: .contact-item_card__2SOIM<----- was found
20:26:17  INFO  manager.MyListener - 'Start find' element --->By.cssSelector: .contact-item_card__2SOIM
20:26:17  INFO  manager.MyListener - The element with locator --->By.cssSelector: .contact-item_card__2SOIM<----- was found
20:26:17  INFO  manager.MyListener - 'Start find' element --->By.xpath: //button[text()='Remove']
20:26:17  INFO  manager.MyListener - The element with locator --->By.xpath: //button[text()='Remove']<----- was found
20:26:22  INFO  manager.MyListener - 'Start find' element --->By.cssSelector: .contact-item_card__2SOIM
20:26:22  INFO  manager.MyListener - The element with locator --->By.cssSelector: .contact-item_card__2SOIM<----- was found
