11:33:52  INFO  manager.ApplicationManager - Tests start in ChromeDriver
11:33:53  INFO  manager.ApplicationManager - The link is ----> https://contacts-app.tobbymarshall815.vercel.app/
11:33:53  INFO  manager.MyListener - 'Start find' element --->By.xpath: //*[text()='Sign Out']
11:33:58  INFO  manager.MyListener - The element with locator --->By.xpath: //*[text()='Sign Out']<----- was found
11:33:58  INFO  manager.MyListener - 'Start find' element --->By.cssSelector: [href='/login']
11:33:58  INFO  manager.MyListener - The element with locator --->By.cssSelector: [href='/login']<----- was found
11:33:58  INFO  manager.MyListener - 'Start find' element --->By.xpath: //input[1]
11:33:58  INFO  manager.MyListener - The element with locator --->By.xpath: //input[1]<----- was found
11:33:58  INFO  manager.MyListener - 'Start find' element --->By.xpath: //input[2]
11:33:58  INFO  manager.MyListener - The element with locator --->By.xpath: //input[2]<----- was found
11:33:58  INFO  manager.MyListener - 'Start find' element --->By.xpath: //*[text()=' Login']
11:33:58  INFO  manager.MyListener - The element with locator --->By.xpath: //*[text()=' Login']<----- was found
11:33:58  INFO  manager.MyListener - 'Start find' element --->By.xpath: //*[text()='Sign Out']
11:33:59  INFO  manager.MyListener - The element with locator --->By.xpath: //*[text()='Sign Out']<----- was found
11:33:59  INFO  manager.MyListener - 'Start find' element --->By.xpath: //*[text()='Sign Out']
11:33:59  INFO  manager.MyListener - The element with locator --->By.xpath: //*[text()='Sign Out']<----- was found
11:33:59  INFO  manager.MyListener - 'Start find' element --->By.xpath: //*[text()='Sign Out']
11:33:59  INFO  manager.MyListener - The element with locator --->By.xpath: //*[text()='Sign Out']<----- was found
11:33:59  INFO  manager.MyListener - 'Start find' element --->By.cssSelector: [href='/login']
11:33:59  INFO  manager.MyListener - The element with locator --->By.cssSelector: [href='/login']<----- was found
11:33:59  INFO  manager.MyListener - 'Start find' element --->By.xpath: //input[1]
11:33:59  INFO  manager.MyListener - The element with locator --->By.xpath: //input[1]<----- was found
11:33:59  INFO  manager.MyListener - 'Start find' element --->By.xpath: //input[2]
11:33:59  INFO  manager.MyListener - The element with locator --->By.xpath: //input[2]<----- was found
11:33:59  INFO  manager.MyListener - 'Start find' element --->By.xpath: //*[text()=' Login']
11:33:59  INFO  manager.MyListener - The element with locator --->By.xpath: //*[text()=' Login']<----- was found
11:33:59  INFO  manager.MyListener - 'Start find' element --->By.xpath: //*[text()='Sign Out']
11:33:59  INFO  manager.MyListener - The element with locator --->By.xpath: //*[text()='Sign Out']<----- was found
11:33:59  INFO  manager.MyListener - 'Start find' element --->By.xpath: //*[text()='Sign Out']
11:33:59  INFO  manager.MyListener - The element with locator --->By.xpath: //*[text()='Sign Out']<----- was found
11:33:59  INFO  manager.MyListener - 'Start find' element --->By.xpath: //*[text()='Sign Out']
11:33:59  INFO  manager.MyListener - The element with locator --->By.xpath: //*[text()='Sign Out']<----- was found
11:33:59  INFO  manager.MyListener - 'Start find' element --->By.cssSelector: [href='/login']
11:33:59  INFO  manager.MyListener - The element with locator --->By.cssSelector: [href='/login']<----- was found
11:33:59  INFO  manager.MyListener - 'Start find' element --->By.xpath: //input[1]
11:33:59  INFO  manager.MyListener - The element with locator --->By.xpath: //input[1]<----- was found
11:34:00  INFO  manager.MyListener - 'Start find' element --->By.xpath: //input[2]
11:34:00  INFO  manager.MyListener - The element with locator --->By.xpath: //input[2]<----- was found
11:34:00  INFO  manager.MyListener - We have a 'throwable'---->no such window: target window already closed
from unknown error: web view not found
  (Session info: chrome=100.0.4896.127)
Build info: version: '3.141.59', revision: 'e82be7d358', time: '2018-11-14T08:17:03'
System info: host: 'DESKTOP-5S6QGPI', ip: '192.168.1.119', os.name: 'Windows 10', os.arch: 'amd64', os.version: '10.0', java.version: '11.0.14'
Driver info: org.openqa.selenium.chrome.ChromeDriver
Capabilities {acceptInsecureCerts: false, browserName: chrome, browserVersion: 100.0.4896.127, chrome: {chromedriverVersion: 100.0.4896.60 (6a5d10861ce8..., userDataDir: C:\Users\alexa\AppData\Loca...}, goog:chromeOptions: {debuggerAddress: localhost:51151}, javascriptEnabled: true, networkConnectionEnabled: false, pageLoadStrategy: normal, platform: WINDOWS, platformName: WINDOWS, proxy: Proxy(), setWindowRect: true, strictFileInteractability: false, timeouts: {implicit: 0, pageLoad: 300000, script: 30000}, unhandledPromptBehavior: dismiss and notify, webauthn:extension:credBlob: true, webauthn:extension:largeBlob: true, webauthn:virtualAuthenticators: true}
Session ID: 7ee41fdef8779cce600b929f18e7b683
11:34:00  INFO  manager.MyListener - We have a 'throwable'---->org.openqa.selenium.NoSuchWindowException: no such window: target window already closed
from unknown error: web view not found
  (Session info: chrome=100.0.4896.127)
Build info: version: '3.141.59', revision: 'e82be7d358', time: '2018-11-14T08:17:03'
System info: host: 'DESKTOP-5S6QGPI', ip: '192.168.1.119', os.name: 'Windows 10', os.arch: 'amd64', os.version: '10.0', java.version: '11.0.14'
Driver info: org.openqa.selenium.chrome.ChromeDriver
Capabilities {acceptInsecureCerts: false, browserName: chrome, browserVersion: 100.0.4896.127, chrome: {chromedriverVersion: 100.0.4896.60 (6a5d10861ce8..., userDataDir: C:\Users\alexa\AppData\Loca...}, goog:chromeOptions: {debuggerAddress: localhost:51151}, javascriptEnabled: true, networkConnectionEnabled: false, pageLoadStrategy: normal, platform: WINDOWS, platformName: WINDOWS, proxy: Proxy(), setWindowRect: true, strictFileInteractability: false, timeouts: {implicit: 0, pageLoad: 300000, script: 30000}, unhandledPromptBehavior: dismiss and notify, webauthn:extension:credBlob: true, webauthn:extension:largeBlob: true, webauthn:virtualAuthenticators: true}
Session ID: 7ee41fdef8779cce600b929f18e7b683
11:34:00  INFO  manager.MyListener - We have a 'throwable'---->[Ljava.lang.StackTraceElement;@74ab600
11:34:00  INFO  manager.MyListener - We have a 'throwable'---->no such window: target window already closed
from unknown error: web view not found
  (Session info: chrome=100.0.4896.127)
Build info: version: '3.141.59', revision: 'e82be7d358', time: '2018-11-14T08:17:03'
System info: host: 'DESKTOP-5S6QGPI', ip: '192.168.1.119', os.name: 'Windows 10', os.arch: 'amd64', os.version: '10.0', java.version: '11.0.14'
Driver info: org.openqa.selenium.chrome.ChromeDriver
Capabilities {acceptInsecureCerts: false, browserName: chrome, browserVersion: 100.0.4896.127, chrome: {chromedriverVersion: 100.0.4896.60 (6a5d10861ce8..., userDataDir: C:\Users\alexa\AppData\Loca...}, goog:chromeOptions: {debuggerAddress: localhost:51151}, javascriptEnabled: true, networkConnectionEnabled: false, pageLoadStrategy: normal, platform: WINDOWS, platformName: WINDOWS, proxy: Proxy(), setWindowRect: true, strictFileInteractability: false, timeouts: {implicit: 0, pageLoad: 300000, script: 30000}, unhandledPromptBehavior: dismiss and notify, webauthn:extension:credBlob: true, webauthn:extension:largeBlob: true, webauthn:virtualAuthenticators: true}
Session ID: 7ee41fdef8779cce600b929f18e7b683
11:34:00  INFO  manager.MyListener - We have a 'throwable'---->org.openqa.selenium.NoSuchWindowException: no such window: target window already closed
from unknown error: web view not found
  (Session info: chrome=100.0.4896.127)
Build info: version: '3.141.59', revision: 'e82be7d358', time: '2018-11-14T08:17:03'
System info: host: 'DESKTOP-5S6QGPI', ip: '192.168.1.119', os.name: 'Windows 10', os.arch: 'amd64', os.version: '10.0', java.version: '11.0.14'
Driver info: org.openqa.selenium.chrome.ChromeDriver
Capabilities {acceptInsecureCerts: false, browserName: chrome, browserVersion: 100.0.4896.127, chrome: {chromedriverVersion: 100.0.4896.60 (6a5d10861ce8..., userDataDir: C:\Users\alexa\AppData\Loca...}, goog:chromeOptions: {debuggerAddress: localhost:51151}, javascriptEnabled: true, networkConnectionEnabled: false, pageLoadStrategy: normal, platform: WINDOWS, platformName: WINDOWS, proxy: Proxy(), setWindowRect: true, strictFileInteractability: false, timeouts: {implicit: 0, pageLoad: 300000, script: 30000}, unhandledPromptBehavior: dismiss and notify, webauthn:extension:credBlob: true, webauthn:extension:largeBlob: true, webauthn:virtualAuthenticators: true}
Session ID: 7ee41fdef8779cce600b929f18e7b683
11:34:00  INFO  manager.MyListener - We have a 'throwable'---->[Ljava.lang.StackTraceElement;@6aaf84a5
11:34:00  INFO  manager.MyListener - 'Start find' element --->By.xpath: //*[text()='Sign Out']
11:34:00  INFO  manager.MyListener - We have a 'throwable'---->no such window: target window already closed
from unknown error: web view not found
  (Session info: chrome=100.0.4896.127)
Build info: version: '3.141.59', revision: 'e82be7d358', time: '2018-11-14T08:17:03'
System info: host: 'DESKTOP-5S6QGPI', ip: '192.168.1.119', os.name: 'Windows 10', os.arch: 'amd64', os.version: '10.0', java.version: '11.0.14'
Driver info: org.openqa.selenium.chrome.ChromeDriver
Capabilities {acceptInsecureCerts: false, browserName: chrome, browserVersion: 100.0.4896.127, chrome: {chromedriverVersion: 100.0.4896.60 (6a5d10861ce8..., userDataDir: C:\Users\alexa\AppData\Loca...}, goog:chromeOptions: {debuggerAddress: localhost:51151}, javascriptEnabled: true, networkConnectionEnabled: false, pageLoadStrategy: normal, platform: WINDOWS, platformName: WINDOWS, proxy: Proxy(), setWindowRect: true, strictFileInteractability: false, timeouts: {implicit: 0, pageLoad: 300000, script: 30000}, unhandledPromptBehavior: dismiss and notify, webauthn:extension:credBlob: true, webauthn:extension:largeBlob: true, webauthn:virtualAuthenticators: true}
Session ID: 7ee41fdef8779cce600b929f18e7b683
*** Element info: {Using=xpath, value=//*[text()='Sign Out']}
11:34:00  INFO  manager.MyListener - We have a 'throwable'---->org.openqa.selenium.NoSuchWindowException: no such window: target window already closed
from unknown error: web view not found
  (Session info: chrome=100.0.4896.127)
Build info: version: '3.141.59', revision: 'e82be7d358', time: '2018-11-14T08:17:03'
System info: host: 'DESKTOP-5S6QGPI', ip: '192.168.1.119', os.name: 'Windows 10', os.arch: 'amd64', os.version: '10.0', java.version: '11.0.14'
Driver info: org.openqa.selenium.chrome.ChromeDriver
Capabilities {acceptInsecureCerts: false, browserName: chrome, browserVersion: 100.0.4896.127, chrome: {chromedriverVersion: 100.0.4896.60 (6a5d10861ce8..., userDataDir: C:\Users\alexa\AppData\Loca...}, goog:chromeOptions: {debuggerAddress: localhost:51151}, javascriptEnabled: true, networkConnectionEnabled: false, pageLoadStrategy: normal, platform: WINDOWS, platformName: WINDOWS, proxy: Proxy(), setWindowRect: true, strictFileInteractability: false, timeouts: {implicit: 0, pageLoad: 300000, script: 30000}, unhandledPromptBehavior: dismiss and notify, webauthn:extension:credBlob: true, webauthn:extension:largeBlob: true, webauthn:virtualAuthenticators: true}
Session ID: 7ee41fdef8779cce600b929f18e7b683
*** Element info: {Using=xpath, value=//*[text()='Sign Out']}
11:34:00  INFO  manager.MyListener - We have a 'throwable'---->[Ljava.lang.StackTraceElement;@4b6a50e1
11:34:00  INFO  manager.MyListener - 'Start find' element --->By.xpath: //*[text()='Sign Out']
11:34:00  INFO  manager.MyListener - We have a 'throwable'---->no such window: target window already closed
from unknown error: web view not found
  (Session info: chrome=100.0.4896.127)
Build info: version: '3.141.59', revision: 'e82be7d358', time: '2018-11-14T08:17:03'
System info: host: 'DESKTOP-5S6QGPI', ip: '192.168.1.119', os.name: 'Windows 10', os.arch: 'amd64', os.version: '10.0', java.version: '11.0.14'
Driver info: org.openqa.selenium.chrome.ChromeDriver
Capabilities {acceptInsecureCerts: false, browserName: chrome, browserVersion: 100.0.4896.127, chrome: {chromedriverVersion: 100.0.4896.60 (6a5d10861ce8..., userDataDir: C:\Users\alexa\AppData\Loca...}, goog:chromeOptions: {debuggerAddress: localhost:51151}, javascriptEnabled: true, networkConnectionEnabled: false, pageLoadStrategy: normal, platform: WINDOWS, platformName: WINDOWS, proxy: Proxy(), setWindowRect: true, strictFileInteractability: false, timeouts: {implicit: 0, pageLoad: 300000, script: 30000}, unhandledPromptBehavior: dismiss and notify, webauthn:extension:credBlob: true, webauthn:extension:largeBlob: true, webauthn:virtualAuthenticators: true}
Session ID: 7ee41fdef8779cce600b929f18e7b683
*** Element info: {Using=xpath, value=//*[text()='Sign Out']}
11:34:00  INFO  manager.MyListener - We have a 'throwable'---->org.openqa.selenium.NoSuchWindowException: no such window: target window already closed
from unknown error: web view not found
  (Session info: chrome=100.0.4896.127)
Build info: version: '3.141.59', revision: 'e82be7d358', time: '2018-11-14T08:17:03'
System info: host: 'DESKTOP-5S6QGPI', ip: '192.168.1.119', os.name: 'Windows 10', os.arch: 'amd64', os.version: '10.0', java.version: '11.0.14'
Driver info: org.openqa.selenium.chrome.ChromeDriver
Capabilities {acceptInsecureCerts: false, browserName: chrome, browserVersion: 100.0.4896.127, chrome: {chromedriverVersion: 100.0.4896.60 (6a5d10861ce8..., userDataDir: C:\Users\alexa\AppData\Loca...}, goog:chromeOptions: {debuggerAddress: localhost:51151}, javascriptEnabled: true, networkConnectionEnabled: false, pageLoadStrategy: normal, platform: WINDOWS, platformName: WINDOWS, proxy: Proxy(), setWindowRect: true, strictFileInteractability: false, timeouts: {implicit: 0, pageLoad: 300000, script: 30000}, unhandledPromptBehavior: dismiss and notify, webauthn:extension:credBlob: true, webauthn:extension:largeBlob: true, webauthn:virtualAuthenticators: true}
Session ID: 7ee41fdef8779cce600b929f18e7b683
*** Element info: {Using=xpath, value=//*[text()='Sign Out']}
11:34:00  INFO  manager.MyListener - We have a 'throwable'---->[Ljava.lang.StackTraceElement;@6c7859fd
11:34:00  INFO  manager.MyListener - 'Start find' element --->By.xpath: //*[text()='Sign Out']
11:34:00  INFO  manager.MyListener - We have a 'throwable'---->no such window: target window already closed
from unknown error: web view not found
  (Session info: chrome=100.0.4896.127)
Build info: version: '3.141.59', revision: 'e82be7d358', time: '2018-11-14T08:17:03'
System info: host: 'DESKTOP-5S6QGPI', ip: '192.168.1.119', os.name: 'Windows 10', os.arch: 'amd64', os.version: '10.0', java.version: '11.0.14'
Driver info: org.openqa.selenium.chrome.ChromeDriver
Capabilities {acceptInsecureCerts: false, browserName: chrome, browserVersion: 100.0.4896.127, chrome: {chromedriverVersion: 100.0.4896.60 (6a5d10861ce8..., userDataDir: C:\Users\alexa\AppData\Loca...}, goog:chromeOptions: {debuggerAddress: localhost:51151}, javascriptEnabled: true, networkConnectionEnabled: false, pageLoadStrategy: normal, platform: WINDOWS, platformName: WINDOWS, proxy: Proxy(), setWindowRect: true, strictFileInteractability: false, timeouts: {implicit: 0, pageLoad: 300000, script: 30000}, unhandledPromptBehavior: dismiss and notify, webauthn:extension:credBlob: true, webauthn:extension:largeBlob: true, webauthn:virtualAuthenticators: true}
Session ID: 7ee41fdef8779cce600b929f18e7b683
*** Element info: {Using=xpath, value=//*[text()='Sign Out']}
11:34:00  INFO  manager.MyListener - We have a 'throwable'---->org.openqa.selenium.NoSuchWindowException: no such window: target window already closed
from unknown error: web view not found
  (Session info: chrome=100.0.4896.127)
Build info: version: '3.141.59', revision: 'e82be7d358', time: '2018-11-14T08:17:03'
System info: host: 'DESKTOP-5S6QGPI', ip: '192.168.1.119', os.name: 'Windows 10', os.arch: 'amd64', os.version: '10.0', java.version: '11.0.14'
Driver info: org.openqa.selenium.chrome.ChromeDriver
Capabilities {acceptInsecureCerts: false, browserName: chrome, browserVersion: 100.0.4896.127, chrome: {chromedriverVersion: 100.0.4896.60 (6a5d10861ce8..., userDataDir: C:\Users\alexa\AppData\Loca...}, goog:chromeOptions: {debuggerAddress: localhost:51151}, javascriptEnabled: true, networkConnectionEnabled: false, pageLoadStrategy: normal, platform: WINDOWS, platformName: WINDOWS, proxy: Proxy(), setWindowRect: true, strictFileInteractability: false, timeouts: {implicit: 0, pageLoad: 300000, script: 30000}, unhandledPromptBehavior: dismiss and notify, webauthn:extension:credBlob: true, webauthn:extension:largeBlob: true, webauthn:virtualAuthenticators: true}
Session ID: 7ee41fdef8779cce600b929f18e7b683
*** Element info: {Using=xpath, value=//*[text()='Sign Out']}
11:34:00  INFO  manager.MyListener - We have a 'throwable'---->[Ljava.lang.StackTraceElement;@3fcbd1c5
11:34:00  INFO  manager.MyListener - 'Start find' element --->By.xpath: //*[text()='Sign Out']
11:34:00  INFO  manager.MyListener - We have a 'throwable'---->no such window: target window already closed
from unknown error: web view not found
  (Session info: chrome=100.0.4896.127)
Build info: version: '3.141.59', revision: 'e82be7d358', time: '2018-11-14T08:17:03'
System info: host: 'DESKTOP-5S6QGPI', ip: '192.168.1.119', os.name: 'Windows 10', os.arch: 'amd64', os.version: '10.0', java.version: '11.0.14'
Driver info: org.openqa.selenium.chrome.ChromeDriver
Capabilities {acceptInsecureCerts: false, browserName: chrome, browserVersion: 100.0.4896.127, chrome: {chromedriverVersion: 100.0.4896.60 (6a5d10861ce8..., userDataDir: C:\Users\alexa\AppData\Loca...}, goog:chromeOptions: {debuggerAddress: localhost:51151}, javascriptEnabled: true, networkConnectionEnabled: false, pageLoadStrategy: normal, platform: WINDOWS, platformName: WINDOWS, proxy: Proxy(), setWindowRect: true, strictFileInteractability: false, timeouts: {implicit: 0, pageLoad: 300000, script: 30000}, unhandledPromptBehavior: dismiss and notify, webauthn:extension:credBlob: true, webauthn:extension:largeBlob: true, webauthn:virtualAuthenticators: true}
Session ID: 7ee41fdef8779cce600b929f18e7b683
*** Element info: {Using=xpath, value=//*[text()='Sign Out']}
11:34:00  INFO  manager.MyListener - We have a 'throwable'---->org.openqa.selenium.NoSuchWindowException: no such window: target window already closed
from unknown error: web view not found
  (Session info: chrome=100.0.4896.127)
Build info: version: '3.141.59', revision: 'e82be7d358', time: '2018-11-14T08:17:03'
System info: host: 'DESKTOP-5S6QGPI', ip: '192.168.1.119', os.name: 'Windows 10', os.arch: 'amd64', os.version: '10.0', java.version: '11.0.14'
Driver info: org.openqa.selenium.chrome.ChromeDriver
Capabilities {acceptInsecureCerts: false, browserName: chrome, browserVersion: 100.0.4896.127, chrome: {chromedriverVersion: 100.0.4896.60 (6a5d10861ce8..., userDataDir: C:\Users\alexa\AppData\Loca...}, goog:chromeOptions: {debuggerAddress: localhost:51151}, javascriptEnabled: true, networkConnectionEnabled: false, pageLoadStrategy: normal, platform: WINDOWS, platformName: WINDOWS, proxy: Proxy(), setWindowRect: true, strictFileInteractability: false, timeouts: {implicit: 0, pageLoad: 300000, script: 30000}, unhandledPromptBehavior: dismiss and notify, webauthn:extension:credBlob: true, webauthn:extension:largeBlob: true, webauthn:virtualAuthenticators: true}
Session ID: 7ee41fdef8779cce600b929f18e7b683
*** Element info: {Using=xpath, value=//*[text()='Sign Out']}
11:34:00  INFO  manager.MyListener - We have a 'throwable'---->[Ljava.lang.StackTraceElement;@74dd9301
11:34:00  INFO  manager.MyListener - 'Start find' element --->By.xpath: //*[text()='Sign Out']
11:34:00  INFO  manager.MyListener - We have a 'throwable'---->no such window: target window already closed
from unknown error: web view not found
  (Session info: chrome=100.0.4896.127)
Build info: version: '3.141.59', revision: 'e82be7d358', time: '2018-11-14T08:17:03'
System info: host: 'DESKTOP-5S6QGPI', ip: '192.168.1.119', os.name: 'Windows 10', os.arch: 'amd64', os.version: '10.0', java.version: '11.0.14'
Driver info: org.openqa.selenium.chrome.ChromeDriver
Capabilities {acceptInsecureCerts: false, browserName: chrome, browserVersion: 100.0.4896.127, chrome: {chromedriverVersion: 100.0.4896.60 (6a5d10861ce8..., userDataDir: C:\Users\alexa\AppData\Loca...}, goog:chromeOptions: {debuggerAddress: localhost:51151}, javascriptEnabled: true, networkConnectionEnabled: false, pageLoadStrategy: normal, platform: WINDOWS, platformName: WINDOWS, proxy: Proxy(), setWindowRect: true, strictFileInteractability: false, timeouts: {implicit: 0, pageLoad: 300000, script: 30000}, unhandledPromptBehavior: dismiss and notify, webauthn:extension:credBlob: true, webauthn:extension:largeBlob: true, webauthn:virtualAuthenticators: true}
Session ID: 7ee41fdef8779cce600b929f18e7b683
*** Element info: {Using=xpath, value=//*[text()='Sign Out']}
11:34:00  INFO  manager.MyListener - We have a 'throwable'---->org.openqa.selenium.NoSuchWindowException: no such window: target window already closed
from unknown error: web view not found
  (Session info: chrome=100.0.4896.127)
Build info: version: '3.141.59', revision: 'e82be7d358', time: '2018-11-14T08:17:03'
System info: host: 'DESKTOP-5S6QGPI', ip: '192.168.1.119', os.name: 'Windows 10', os.arch: 'amd64', os.version: '10.0', java.version: '11.0.14'
Driver info: org.openqa.selenium.chrome.ChromeDriver
Capabilities {acceptInsecureCerts: false, browserName: chrome, browserVersion: 100.0.4896.127, chrome: {chromedriverVersion: 100.0.4896.60 (6a5d10861ce8..., userDataDir: C:\Users\alexa\AppData\Loca...}, goog:chromeOptions: {debuggerAddress: localhost:51151}, javascriptEnabled: true, networkConnectionEnabled: false, pageLoadStrategy: normal, platform: WINDOWS, platformName: WINDOWS, proxy: Proxy(), setWindowRect: true, strictFileInteractability: false, timeouts: {implicit: 0, pageLoad: 300000, script: 30000}, unhandledPromptBehavior: dismiss and notify, webauthn:extension:credBlob: true, webauthn:extension:largeBlob: true, webauthn:virtualAuthenticators: true}
Session ID: 7ee41fdef8779cce600b929f18e7b683
*** Element info: {Using=xpath, value=//*[text()='Sign Out']}
11:34:00  INFO  manager.MyListener - We have a 'throwable'---->[Ljava.lang.StackTraceElement;@1e9fbf45
11:34:00  INFO  manager.MyListener - 'Start find' element --->By.xpath: //*[text()='Sign Out']
11:34:00  INFO  manager.MyListener - We have a 'throwable'---->no such window: target window already closed
from unknown error: web view not found
  (Session info: chrome=100.0.4896.127)
Build info: version: '3.141.59', revision: 'e82be7d358', time: '2018-11-14T08:17:03'
System info: host: 'DESKTOP-5S6QGPI', ip: '192.168.1.119', os.name: 'Windows 10', os.arch: 'amd64', os.version: '10.0', java.version: '11.0.14'
Driver info: org.openqa.selenium.chrome.ChromeDriver
Capabilities {acceptInsecureCerts: false, browserName: chrome, browserVersion: 100.0.4896.127, chrome: {chromedriverVersion: 100.0.4896.60 (6a5d10861ce8..., userDataDir: C:\Users\alexa\AppData\Loca...}, goog:chromeOptions: {debuggerAddress: localhost:51151}, javascriptEnabled: true, networkConnectionEnabled: false, pageLoadStrategy: normal, platform: WINDOWS, platformName: WINDOWS, proxy: Proxy(), setWindowRect: true, strictFileInteractability: false, timeouts: {implicit: 0, pageLoad: 300000, script: 30000}, unhandledPromptBehavior: dismiss and notify, webauthn:extension:credBlob: true, webauthn:extension:largeBlob: true, webauthn:virtualAuthenticators: true}
Session ID: 7ee41fdef8779cce600b929f18e7b683
*** Element info: {Using=xpath, value=//*[text()='Sign Out']}
11:34:00  INFO  manager.MyListener - We have a 'throwable'---->org.openqa.selenium.NoSuchWindowException: no such window: target window already closed
from unknown error: web view not found
  (Session info: chrome=100.0.4896.127)
Build info: version: '3.141.59', revision: 'e82be7d358', time: '2018-11-14T08:17:03'
System info: host: 'DESKTOP-5S6QGPI', ip: '192.168.1.119', os.name: 'Windows 10', os.arch: 'amd64', os.version: '10.0', java.version: '11.0.14'
Driver info: org.openqa.selenium.chrome.ChromeDriver
Capabilities {acceptInsecureCerts: false, browserName: chrome, browserVersion: 100.0.4896.127, chrome: {chromedriverVersion: 100.0.4896.60 (6a5d10861ce8..., userDataDir: C:\Users\alexa\AppData\Loca...}, goog:chromeOptions: {debuggerAddress: localhost:51151}, javascriptEnabled: true, networkConnectionEnabled: false, pageLoadStrategy: normal, platform: WINDOWS, platformName: WINDOWS, proxy: Proxy(), setWindowRect: true, strictFileInteractability: false, timeouts: {implicit: 0, pageLoad: 300000, script: 30000}, unhandledPromptBehavior: dismiss and notify, webauthn:extension:credBlob: true, webauthn:extension:largeBlob: true, webauthn:virtualAuthenticators: true}
Session ID: 7ee41fdef8779cce600b929f18e7b683
*** Element info: {Using=xpath, value=//*[text()='Sign Out']}
11:34:00  INFO  manager.MyListener - We have a 'throwable'---->[Ljava.lang.StackTraceElement;@64b04178
11:34:00  INFO  manager.MyListener - 'Start find' element --->By.xpath: //*[text()='Sign Out']
11:34:00  INFO  manager.MyListener - We have a 'throwable'---->no such window: target window already closed
from unknown error: web view not found
  (Session info: chrome=100.0.4896.127)
Build info: version: '3.141.59', revision: 'e82be7d358', time: '2018-11-14T08:17:03'
System info: host: 'DESKTOP-5S6QGPI', ip: '192.168.1.119', os.name: 'Windows 10', os.arch: 'amd64', os.version: '10.0', java.version: '11.0.14'
Driver info: org.openqa.selenium.chrome.ChromeDriver
Capabilities {acceptInsecureCerts: false, browserName: chrome, browserVersion: 100.0.4896.127, chrome: {chromedriverVersion: 100.0.4896.60 (6a5d10861ce8..., userDataDir: C:\Users\alexa\AppData\Loca...}, goog:chromeOptions: {debuggerAddress: localhost:51151}, javascriptEnabled: true, networkConnectionEnabled: false, pageLoadStrategy: normal, platform: WINDOWS, platformName: WINDOWS, proxy: Proxy(), setWindowRect: true, strictFileInteractability: false, timeouts: {implicit: 0, pageLoad: 300000, script: 30000}, unhandledPromptBehavior: dismiss and notify, webauthn:extension:credBlob: true, webauthn:extension:largeBlob: true, webauthn:virtualAuthenticators: true}
Session ID: 7ee41fdef8779cce600b929f18e7b683
*** Element info: {Using=xpath, value=//*[text()='Sign Out']}
11:34:00  INFO  manager.MyListener - We have a 'throwable'---->org.openqa.selenium.NoSuchWindowException: no such window: target window already closed
from unknown error: web view not found
  (Session info: chrome=100.0.4896.127)
Build info: version: '3.141.59', revision: 'e82be7d358', time: '2018-11-14T08:17:03'
System info: host: 'DESKTOP-5S6QGPI', ip: '192.168.1.119', os.name: 'Windows 10', os.arch: 'amd64', os.version: '10.0', java.version: '11.0.14'
Driver info: org.openqa.selenium.chrome.ChromeDriver
Capabilities {acceptInsecureCerts: false, browserName: chrome, browserVersion: 100.0.4896.127, chrome: {chromedriverVersion: 100.0.4896.60 (6a5d10861ce8..., userDataDir: C:\Users\alexa\AppData\Loca...}, goog:chromeOptions: {debuggerAddress: localhost:51151}, javascriptEnabled: true, networkConnectionEnabled: false, pageLoadStrategy: normal, platform: WINDOWS, platformName: WINDOWS, proxy: Proxy(), setWindowRect: true, strictFileInteractability: false, timeouts: {implicit: 0, pageLoad: 300000, script: 30000}, unhandledPromptBehavior: dismiss and notify, webauthn:extension:credBlob: true, webauthn:extension:largeBlob: true, webauthn:virtualAuthenticators: true}
Session ID: 7ee41fdef8779cce600b929f18e7b683
*** Element info: {Using=xpath, value=//*[text()='Sign Out']}
11:34:00  INFO  manager.MyListener - We have a 'throwable'---->[Ljava.lang.StackTraceElement;@6b173a01
11:34:00  INFO  manager.MyListener - 'Start find' element --->By.xpath: //*[text()='Sign Out']
11:34:00  INFO  manager.MyListener - We have a 'throwable'---->no such window: target window already closed
from unknown error: web view not found
  (Session info: chrome=100.0.4896.127)
Build info: version: '3.141.59', revision: 'e82be7d358', time: '2018-11-14T08:17:03'
System info: host: 'DESKTOP-5S6QGPI', ip: '192.168.1.119', os.name: 'Windows 10', os.arch: 'amd64', os.version: '10.0', java.version: '11.0.14'
Driver info: org.openqa.selenium.chrome.ChromeDriver
Capabilities {acceptInsecureCerts: false, browserName: chrome, browserVersion: 100.0.4896.127, chrome: {chromedriverVersion: 100.0.4896.60 (6a5d10861ce8..., userDataDir: C:\Users\alexa\AppData\Loca...}, goog:chromeOptions: {debuggerAddress: localhost:51151}, javascriptEnabled: true, networkConnectionEnabled: false, pageLoadStrategy: normal, platform: WINDOWS, platformName: WINDOWS, proxy: Proxy(), setWindowRect: true, strictFileInteractability: false, timeouts: {implicit: 0, pageLoad: 300000, script: 30000}, unhandledPromptBehavior: dismiss and notify, webauthn:extension:credBlob: true, webauthn:extension:largeBlob: true, webauthn:virtualAuthenticators: true}
Session ID: 7ee41fdef8779cce600b929f18e7b683
*** Element info: {Using=xpath, value=//*[text()='Sign Out']}
11:34:00  INFO  manager.MyListener - We have a 'throwable'---->org.openqa.selenium.NoSuchWindowException: no such window: target window already closed
from unknown error: web view not found
  (Session info: chrome=100.0.4896.127)
Build info: version: '3.141.59', revision: 'e82be7d358', time: '2018-11-14T08:17:03'
System info: host: 'DESKTOP-5S6QGPI', ip: '192.168.1.119', os.name: 'Windows 10', os.arch: 'amd64', os.version: '10.0', java.version: '11.0.14'
Driver info: org.openqa.selenium.chrome.ChromeDriver
Capabilities {acceptInsecureCerts: false, browserName: chrome, browserVersion: 100.0.4896.127, chrome: {chromedriverVersion: 100.0.4896.60 (6a5d10861ce8..., userDataDir: C:\Users\alexa\AppData\Loca...}, goog:chromeOptions: {debuggerAddress: localhost:51151}, javascriptEnabled: true, networkConnectionEnabled: false, pageLoadStrategy: normal, platform: WINDOWS, platformName: WINDOWS, proxy: Proxy(), setWindowRect: true, strictFileInteractability: false, timeouts: {implicit: 0, pageLoad: 300000, script: 30000}, unhandledPromptBehavior: dismiss and notify, webauthn:extension:credBlob: true, webauthn:extension:largeBlob: true, webauthn:virtualAuthenticators: true}
Session ID: 7ee41fdef8779cce600b929f18e7b683
*** Element info: {Using=xpath, value=//*[text()='Sign Out']}
11:34:00  INFO  manager.MyListener - We have a 'throwable'---->[Ljava.lang.StackTraceElement;@5599f30a
11:34:00  INFO  manager.MyListener - 'Start find' element --->By.xpath: //*[text()='Sign Out']
11:34:00  INFO  manager.MyListener - We have a 'throwable'---->no such window: target window already closed
from unknown error: web view not found
  (Session info: chrome=100.0.4896.127)
Build info: version: '3.141.59', revision: 'e82be7d358', time: '2018-11-14T08:17:03'
System info: host: 'DESKTOP-5S6QGPI', ip: '192.168.1.119', os.name: 'Windows 10', os.arch: 'amd64', os.version: '10.0', java.version: '11.0.14'
Driver info: org.openqa.selenium.chrome.ChromeDriver
Capabilities {acceptInsecureCerts: false, browserName: chrome, browserVersion: 100.0.4896.127, chrome: {chromedriverVersion: 100.0.4896.60 (6a5d10861ce8..., userDataDir: C:\Users\alexa\AppData\Loca...}, goog:chromeOptions: {debuggerAddress: localhost:51151}, javascriptEnabled: true, networkConnectionEnabled: false, pageLoadStrategy: normal, platform: WINDOWS, platformName: WINDOWS, proxy: Proxy(), setWindowRect: true, strictFileInteractability: false, timeouts: {implicit: 0, pageLoad: 300000, script: 30000}, unhandledPromptBehavior: dismiss and notify, webauthn:extension:credBlob: true, webauthn:extension:largeBlob: true, webauthn:virtualAuthenticators: true}
Session ID: 7ee41fdef8779cce600b929f18e7b683
*** Element info: {Using=xpath, value=//*[text()='Sign Out']}
11:34:00  INFO  manager.MyListener - We have a 'throwable'---->org.openqa.selenium.NoSuchWindowException: no such window: target window already closed
from unknown error: web view not found
  (Session info: chrome=100.0.4896.127)
Build info: version: '3.141.59', revision: 'e82be7d358', time: '2018-11-14T08:17:03'
System info: host: 'DESKTOP-5S6QGPI', ip: '192.168.1.119', os.name: 'Windows 10', os.arch: 'amd64', os.version: '10.0', java.version: '11.0.14'
Driver info: org.openqa.selenium.chrome.ChromeDriver
Capabilities {acceptInsecureCerts: false, browserName: chrome, browserVersion: 100.0.4896.127, chrome: {chromedriverVersion: 100.0.4896.60 (6a5d10861ce8..., userDataDir: C:\Users\alexa\AppData\Loca...}, goog:chromeOptions: {debuggerAddress: localhost:51151}, javascriptEnabled: true, networkConnectionEnabled: false, pageLoadStrategy: normal, platform: WINDOWS, platformName: WINDOWS, proxy: Proxy(), setWindowRect: true, strictFileInteractability: false, timeouts: {implicit: 0, pageLoad: 300000, script: 30000}, unhandledPromptBehavior: dismiss and notify, webauthn:extension:credBlob: true, webauthn:extension:largeBlob: true, webauthn:virtualAuthenticators: true}
Session ID: 7ee41fdef8779cce600b929f18e7b683
*** Element info: {Using=xpath, value=//*[text()='Sign Out']}
11:34:00  INFO  manager.MyListener - We have a 'throwable'---->[Ljava.lang.StackTraceElement;@6c4ba798
11:34:00  INFO  manager.MyListener - 'Start find' element --->By.xpath: //*[text()='Sign Out']
11:34:00  INFO  manager.MyListener - We have a 'throwable'---->no such window: target window already closed
from unknown error: web view not found
  (Session info: chrome=100.0.4896.127)
Build info: version: '3.141.59', revision: 'e82be7d358', time: '2018-11-14T08:17:03'
System info: host: 'DESKTOP-5S6QGPI', ip: '192.168.1.119', os.name: 'Windows 10', os.arch: 'amd64', os.version: '10.0', java.version: '11.0.14'
Driver info: org.openqa.selenium.chrome.ChromeDriver
Capabilities {acceptInsecureCerts: false, browserName: chrome, browserVersion: 100.0.4896.127, chrome: {chromedriverVersion: 100.0.4896.60 (6a5d10861ce8..., userDataDir: C:\Users\alexa\AppData\Loca...}, goog:chromeOptions: {debuggerAddress: localhost:51151}, javascriptEnabled: true, networkConnectionEnabled: false, pageLoadStrategy: normal, platform: WINDOWS, platformName: WINDOWS, proxy: Proxy(), setWindowRect: true, strictFileInteractability: false, timeouts: {implicit: 0, pageLoad: 300000, script: 30000}, unhandledPromptBehavior: dismiss and notify, webauthn:extension:credBlob: true, webauthn:extension:largeBlob: true, webauthn:virtualAuthenticators: true}
Session ID: 7ee41fdef8779cce600b929f18e7b683
*** Element info: {Using=xpath, value=//*[text()='Sign Out']}
11:34:00  INFO  manager.MyListener - We have a 'throwable'---->org.openqa.selenium.NoSuchWindowException: no such window: target window already closed
from unknown error: web view not found
  (Session info: chrome=100.0.4896.127)
Build info: version: '3.141.59', revision: 'e82be7d358', time: '2018-11-14T08:17:03'
System info: host: 'DESKTOP-5S6QGPI', ip: '192.168.1.119', os.name: 'Windows 10', os.arch: 'amd64', os.version: '10.0', java.version: '11.0.14'
Driver info: org.openqa.selenium.chrome.ChromeDriver
Capabilities {acceptInsecureCerts: false, browserName: chrome, browserVersion: 100.0.4896.127, chrome: {chromedriverVersion: 100.0.4896.60 (6a5d10861ce8..., userDataDir: C:\Users\alexa\AppData\Loca...}, goog:chromeOptions: {debuggerAddress: localhost:51151}, javascriptEnabled: true, networkConnectionEnabled: false, pageLoadStrategy: normal, platform: WINDOWS, platformName: WINDOWS, proxy: Proxy(), setWindowRect: true, strictFileInteractability: false, timeouts: {implicit: 0, pageLoad: 300000, script: 30000}, unhandledPromptBehavior: dismiss and notify, webauthn:extension:credBlob: true, webauthn:extension:largeBlob: true, webauthn:virtualAuthenticators: true}
Session ID: 7ee41fdef8779cce600b929f18e7b683
*** Element info: {Using=xpath, value=//*[text()='Sign Out']}
11:34:00  INFO  manager.MyListener - We have a 'throwable'---->[Ljava.lang.StackTraceElement;@213952a6
11:34:00  INFO  manager.MyListener - 'Start find' element --->By.xpath: //*[text()='Sign Out']
11:34:00  INFO  manager.MyListener - We have a 'throwable'---->no such window: target window already closed
from unknown error: web view not found
  (Session info: chrome=100.0.4896.127)
Build info: version: '3.141.59', revision: 'e82be7d358', time: '2018-11-14T08:17:03'
System info: host: 'DESKTOP-5S6QGPI', ip: '192.168.1.119', os.name: 'Windows 10', os.arch: 'amd64', os.version: '10.0', java.version: '11.0.14'
Driver info: org.openqa.selenium.chrome.ChromeDriver
Capabilities {acceptInsecureCerts: false, browserName: chrome, browserVersion: 100.0.4896.127, chrome: {chromedriverVersion: 100.0.4896.60 (6a5d10861ce8..., userDataDir: C:\Users\alexa\AppData\Loca...}, goog:chromeOptions: {debuggerAddress: localhost:51151}, javascriptEnabled: true, networkConnectionEnabled: false, pageLoadStrategy: normal, platform: WINDOWS, platformName: WINDOWS, proxy: Proxy(), setWindowRect: true, strictFileInteractability: false, timeouts: {implicit: 0, pageLoad: 300000, script: 30000}, unhandledPromptBehavior: dismiss and notify, webauthn:extension:credBlob: true, webauthn:extension:largeBlob: true, webauthn:virtualAuthenticators: true}
Session ID: 7ee41fdef8779cce600b929f18e7b683
*** Element info: {Using=xpath, value=//*[text()='Sign Out']}
11:34:00  INFO  manager.MyListener - We have a 'throwable'---->org.openqa.selenium.NoSuchWindowException: no such window: target window already closed
from unknown error: web view not found
  (Session info: chrome=100.0.4896.127)
Build info: version: '3.141.59', revision: 'e82be7d358', time: '2018-11-14T08:17:03'
System info: host: 'DESKTOP-5S6QGPI', ip: '192.168.1.119', os.name: 'Windows 10', os.arch: 'amd64', os.version: '10.0', java.version: '11.0.14'
Driver info: org.openqa.selenium.chrome.ChromeDriver
Capabilities {acceptInsecureCerts: false, browserName: chrome, browserVersion: 100.0.4896.127, chrome: {chromedriverVersion: 100.0.4896.60 (6a5d10861ce8..., userDataDir: C:\Users\alexa\AppData\Loca...}, goog:chromeOptions: {debuggerAddress: localhost:51151}, javascriptEnabled: true, networkConnectionEnabled: false, pageLoadStrategy: normal, platform: WINDOWS, platformName: WINDOWS, proxy: Proxy(), setWindowRect: true, strictFileInteractability: false, timeouts: {implicit: 0, pageLoad: 300000, script: 30000}, unhandledPromptBehavior: dismiss and notify, webauthn:extension:credBlob: true, webauthn:extension:largeBlob: true, webauthn:virtualAuthenticators: true}
Session ID: 7ee41fdef8779cce600b929f18e7b683
*** Element info: {Using=xpath, value=//*[text()='Sign Out']}
11:34:00  INFO  manager.MyListener - We have a 'throwable'---->[Ljava.lang.StackTraceElement;@260e0e66
11:34:00  INFO  manager.MyListener - 'Start find' element --->By.xpath: //*[text()='Sign Out']
11:34:00  INFO  manager.MyListener - We have a 'throwable'---->no such window: target window already closed
from unknown error: web view not found
  (Session info: chrome=100.0.4896.127)
Build info: version: '3.141.59', revision: 'e82be7d358', time: '2018-11-14T08:17:03'
System info: host: 'DESKTOP-5S6QGPI', ip: '192.168.1.119', os.name: 'Windows 10', os.arch: 'amd64', os.version: '10.0', java.version: '11.0.14'
Driver info: org.openqa.selenium.chrome.ChromeDriver
Capabilities {acceptInsecureCerts: false, browserName: chrome, browserVersion: 100.0.4896.127, chrome: {chromedriverVersion: 100.0.4896.60 (6a5d10861ce8..., userDataDir: C:\Users\alexa\AppData\Loca...}, goog:chromeOptions: {debuggerAddress: localhost:51151}, javascriptEnabled: true, networkConnectionEnabled: false, pageLoadStrategy: normal, platform: WINDOWS, platformName: WINDOWS, proxy: Proxy(), setWindowRect: true, strictFileInteractability: false, timeouts: {implicit: 0, pageLoad: 300000, script: 30000}, unhandledPromptBehavior: dismiss and notify, webauthn:extension:credBlob: true, webauthn:extension:largeBlob: true, webauthn:virtualAuthenticators: true}
Session ID: 7ee41fdef8779cce600b929f18e7b683
*** Element info: {Using=xpath, value=//*[text()='Sign Out']}
11:34:00  INFO  manager.MyListener - We have a 'throwable'---->org.openqa.selenium.NoSuchWindowException: no such window: target window already closed
from unknown error: web view not found
  (Session info: chrome=100.0.4896.127)
Build info: version: '3.141.59', revision: 'e82be7d358', time: '2018-11-14T08:17:03'
System info: host: 'DESKTOP-5S6QGPI', ip: '192.168.1.119', os.name: 'Windows 10', os.arch: 'amd64', os.version: '10.0', java.version: '11.0.14'
Driver info: org.openqa.selenium.chrome.ChromeDriver
Capabilities {acceptInsecureCerts: false, browserName: chrome, browserVersion: 100.0.4896.127, chrome: {chromedriverVersion: 100.0.4896.60 (6a5d10861ce8..., userDataDir: C:\Users\alexa\AppData\Loca...}, goog:chromeOptions: {debuggerAddress: localhost:51151}, javascriptEnabled: true, networkConnectionEnabled: false, pageLoadStrategy: normal, platform: WINDOWS, platformName: WINDOWS, proxy: Proxy(), setWindowRect: true, strictFileInteractability: false, timeouts: {implicit: 0, pageLoad: 300000, script: 30000}, unhandledPromptBehavior: dismiss and notify, webauthn:extension:credBlob: true, webauthn:extension:largeBlob: true, webauthn:virtualAuthenticators: true}
Session ID: 7ee41fdef8779cce600b929f18e7b683
*** Element info: {Using=xpath, value=//*[text()='Sign Out']}
11:34:00  INFO  manager.MyListener - We have a 'throwable'---->[Ljava.lang.StackTraceElement;@2b3c997c
11:34:00  INFO  manager.MyListener - 'Start find' element --->By.xpath: //*[text()='Sign Out']
11:34:00  INFO  manager.MyListener - We have a 'throwable'---->no such window: target window already closed
from unknown error: web view not found
  (Session info: chrome=100.0.4896.127)
Build info: version: '3.141.59', revision: 'e82be7d358', time: '2018-11-14T08:17:03'
System info: host: 'DESKTOP-5S6QGPI', ip: '192.168.1.119', os.name: 'Windows 10', os.arch: 'amd64', os.version: '10.0', java.version: '11.0.14'
Driver info: org.openqa.selenium.chrome.ChromeDriver
Capabilities {acceptInsecureCerts: false, browserName: chrome, browserVersion: 100.0.4896.127, chrome: {chromedriverVersion: 100.0.4896.60 (6a5d10861ce8..., userDataDir: C:\Users\alexa\AppData\Loca...}, goog:chromeOptions: {debuggerAddress: localhost:51151}, javascriptEnabled: true, networkConnectionEnabled: false, pageLoadStrategy: normal, platform: WINDOWS, platformName: WINDOWS, proxy: Proxy(), setWindowRect: true, strictFileInteractability: false, timeouts: {implicit: 0, pageLoad: 300000, script: 30000}, unhandledPromptBehavior: dismiss and notify, webauthn:extension:credBlob: true, webauthn:extension:largeBlob: true, webauthn:virtualAuthenticators: true}
Session ID: 7ee41fdef8779cce600b929f18e7b683
*** Element info: {Using=xpath, value=//*[text()='Sign Out']}
11:34:00  INFO  manager.MyListener - We have a 'throwable'---->org.openqa.selenium.NoSuchWindowException: no such window: target window already closed
from unknown error: web view not found
  (Session info: chrome=100.0.4896.127)
Build info: version: '3.141.59', revision: 'e82be7d358', time: '2018-11-14T08:17:03'
System info: host: 'DESKTOP-5S6QGPI', ip: '192.168.1.119', os.name: 'Windows 10', os.arch: 'amd64', os.version: '10.0', java.version: '11.0.14'
Driver info: org.openqa.selenium.chrome.ChromeDriver
Capabilities {acceptInsecureCerts: false, browserName: chrome, browserVersion: 100.0.4896.127, chrome: {chromedriverVersion: 100.0.4896.60 (6a5d10861ce8..., userDataDir: C:\Users\alexa\AppData\Loca...}, goog:chromeOptions: {debuggerAddress: localhost:51151}, javascriptEnabled: true, networkConnectionEnabled: false, pageLoadStrategy: normal, platform: WINDOWS, platformName: WINDOWS, proxy: Proxy(), setWindowRect: true, strictFileInteractability: false, timeouts: {implicit: 0, pageLoad: 300000, script: 30000}, unhandledPromptBehavior: dismiss and notify, webauthn:extension:credBlob: true, webauthn:extension:largeBlob: true, webauthn:virtualAuthenticators: true}
Session ID: 7ee41fdef8779cce600b929f18e7b683
*** Element info: {Using=xpath, value=//*[text()='Sign Out']}
11:34:00  INFO  manager.MyListener - We have a 'throwable'---->[Ljava.lang.StackTraceElement;@47f8b46f
11:34:00  INFO  manager.MyListener - 'Start find' element --->By.xpath: //*[text()='Sign Out']
11:34:00  INFO  manager.MyListener - We have a 'throwable'---->no such window: target window already closed
from unknown error: web view not found
  (Session info: chrome=100.0.4896.127)
Build info: version: '3.141.59', revision: 'e82be7d358', time: '2018-11-14T08:17:03'
System info: host: 'DESKTOP-5S6QGPI', ip: '192.168.1.119', os.name: 'Windows 10', os.arch: 'amd64', os.version: '10.0', java.version: '11.0.14'
Driver info: org.openqa.selenium.chrome.ChromeDriver
Capabilities {acceptInsecureCerts: false, browserName: chrome, browserVersion: 100.0.4896.127, chrome: {chromedriverVersion: 100.0.4896.60 (6a5d10861ce8..., userDataDir: C:\Users\alexa\AppData\Loca...}, goog:chromeOptions: {debuggerAddress: localhost:51151}, javascriptEnabled: true, networkConnectionEnabled: false, pageLoadStrategy: normal, platform: WINDOWS, platformName: WINDOWS, proxy: Proxy(), setWindowRect: true, strictFileInteractability: false, timeouts: {implicit: 0, pageLoad: 300000, script: 30000}, unhandledPromptBehavior: dismiss and notify, webauthn:extension:credBlob: true, webauthn:extension:largeBlob: true, webauthn:virtualAuthenticators: true}
Session ID: 7ee41fdef8779cce600b929f18e7b683
*** Element info: {Using=xpath, value=//*[text()='Sign Out']}
11:34:00  INFO  manager.MyListener - We have a 'throwable'---->org.openqa.selenium.NoSuchWindowException: no such window: target window already closed
from unknown error: web view not found
  (Session info: chrome=100.0.4896.127)
Build info: version: '3.141.59', revision: 'e82be7d358', time: '2018-11-14T08:17:03'
System info: host: 'DESKTOP-5S6QGPI', ip: '192.168.1.119', os.name: 'Windows 10', os.arch: 'amd64', os.version: '10.0', java.version: '11.0.14'
Driver info: org.openqa.selenium.chrome.ChromeDriver
Capabilities {acceptInsecureCerts: false, browserName: chrome, browserVersion: 100.0.4896.127, chrome: {chromedriverVersion: 100.0.4896.60 (6a5d10861ce8..., userDataDir: C:\Users\alexa\AppData\Loca...}, goog:chromeOptions: {debuggerAddress: localhost:51151}, javascriptEnabled: true, networkConnectionEnabled: false, pageLoadStrategy: normal, platform: WINDOWS, platformName: WINDOWS, proxy: Proxy(), setWindowRect: true, strictFileInteractability: false, timeouts: {implicit: 0, pageLoad: 300000, script: 30000}, unhandledPromptBehavior: dismiss and notify, webauthn:extension:credBlob: true, webauthn:extension:largeBlob: true, webauthn:virtualAuthenticators: true}
Session ID: 7ee41fdef8779cce600b929f18e7b683
*** Element info: {Using=xpath, value=//*[text()='Sign Out']}
11:34:00  INFO  manager.MyListener - We have a 'throwable'---->[Ljava.lang.StackTraceElement;@4aa73c35
11:34:00  INFO  manager.MyListener - 'Start find' element --->By.xpath: //*[text()='Sign Out']
11:34:00  INFO  manager.MyListener - We have a 'throwable'---->no such window: target window already closed
from unknown error: web view not found
  (Session info: chrome=100.0.4896.127)
Build info: version: '3.141.59', revision: 'e82be7d358', time: '2018-11-14T08:17:03'
System info: host: 'DESKTOP-5S6QGPI', ip: '192.168.1.119', os.name: 'Windows 10', os.arch: 'amd64', os.version: '10.0', java.version: '11.0.14'
Driver info: org.openqa.selenium.chrome.ChromeDriver
Capabilities {acceptInsecureCerts: false, browserName: chrome, browserVersion: 100.0.4896.127, chrome: {chromedriverVersion: 100.0.4896.60 (6a5d10861ce8..., userDataDir: C:\Users\alexa\AppData\Loca...}, goog:chromeOptions: {debuggerAddress: localhost:51151}, javascriptEnabled: true, networkConnectionEnabled: false, pageLoadStrategy: normal, platform: WINDOWS, platformName: WINDOWS, proxy: Proxy(), setWindowRect: true, strictFileInteractability: false, timeouts: {implicit: 0, pageLoad: 300000, script: 30000}, unhandledPromptBehavior: dismiss and notify, webauthn:extension:credBlob: true, webauthn:extension:largeBlob: true, webauthn:virtualAuthenticators: true}
Session ID: 7ee41fdef8779cce600b929f18e7b683
*** Element info: {Using=xpath, value=//*[text()='Sign Out']}
11:34:00  INFO  manager.MyListener - We have a 'throwable'---->org.openqa.selenium.NoSuchWindowException: no such window: target window already closed
from unknown error: web view not found
  (Session info: chrome=100.0.4896.127)
Build info: version: '3.141.59', revision: 'e82be7d358', time: '2018-11-14T08:17:03'
System info: host: 'DESKTOP-5S6QGPI', ip: '192.168.1.119', os.name: 'Windows 10', os.arch: 'amd64', os.version: '10.0', java.version: '11.0.14'
Driver info: org.openqa.selenium.chrome.ChromeDriver
Capabilities {acceptInsecureCerts: false, browserName: chrome, browserVersion: 100.0.4896.127, chrome: {chromedriverVersion: 100.0.4896.60 (6a5d10861ce8..., userDataDir: C:\Users\alexa\AppData\Loca...}, goog:chromeOptions: {debuggerAddress: localhost:51151}, javascriptEnabled: true, networkConnectionEnabled: false, pageLoadStrategy: normal, platform: WINDOWS, platformName: WINDOWS, proxy: Proxy(), setWindowRect: true, strictFileInteractability: false, timeouts: {implicit: 0, pageLoad: 300000, script: 30000}, unhandledPromptBehavior: dismiss and notify, webauthn:extension:credBlob: true, webauthn:extension:largeBlob: true, webauthn:virtualAuthenticators: true}
Session ID: 7ee41fdef8779cce600b929f18e7b683
*** Element info: {Using=xpath, value=//*[text()='Sign Out']}
11:34:00  INFO  manager.MyListener - We have a 'throwable'---->[Ljava.lang.StackTraceElement;@2b3ff1cb
11:34:00  INFO  manager.MyListener - 'Start find' element --->By.xpath: //*[text()='Sign Out']
11:34:00  INFO  manager.MyListener - We have a 'throwable'---->no such window: target window already closed
from unknown error: web view not found
  (Session info: chrome=100.0.4896.127)
Build info: version: '3.141.59', revision: 'e82be7d358', time: '2018-11-14T08:17:03'
System info: host: 'DESKTOP-5S6QGPI', ip: '192.168.1.119', os.name: 'Windows 10', os.arch: 'amd64', os.version: '10.0', java.version: '11.0.14'
Driver info: org.openqa.selenium.chrome.ChromeDriver
Capabilities {acceptInsecureCerts: false, browserName: chrome, browserVersion: 100.0.4896.127, chrome: {chromedriverVersion: 100.0.4896.60 (6a5d10861ce8..., userDataDir: C:\Users\alexa\AppData\Loca...}, goog:chromeOptions: {debuggerAddress: localhost:51151}, javascriptEnabled: true, networkConnectionEnabled: false, pageLoadStrategy: normal, platform: WINDOWS, platformName: WINDOWS, proxy: Proxy(), setWindowRect: true, strictFileInteractability: false, timeouts: {implicit: 0, pageLoad: 300000, script: 30000}, unhandledPromptBehavior: dismiss and notify, webauthn:extension:credBlob: true, webauthn:extension:largeBlob: true, webauthn:virtualAuthenticators: true}
Session ID: 7ee41fdef8779cce600b929f18e7b683
*** Element info: {Using=xpath, value=//*[text()='Sign Out']}
11:34:00  INFO  manager.MyListener - We have a 'throwable'---->org.openqa.selenium.NoSuchWindowException: no such window: target window already closed
from unknown error: web view not found
  (Session info: chrome=100.0.4896.127)
Build info: version: '3.141.59', revision: 'e82be7d358', time: '2018-11-14T08:17:03'
System info: host: 'DESKTOP-5S6QGPI', ip: '192.168.1.119', os.name: 'Windows 10', os.arch: 'amd64', os.version: '10.0', java.version: '11.0.14'
Driver info: org.openqa.selenium.chrome.ChromeDriver
Capabilities {acceptInsecureCerts: false, browserName: chrome, browserVersion: 100.0.4896.127, chrome: {chromedriverVersion: 100.0.4896.60 (6a5d10861ce8..., userDataDir: C:\Users\alexa\AppData\Loca...}, goog:chromeOptions: {debuggerAddress: localhost:51151}, javascriptEnabled: true, networkConnectionEnabled: false, pageLoadStrategy: normal, platform: WINDOWS, platformName: WINDOWS, proxy: Proxy(), setWindowRect: true, strictFileInteractability: false, timeouts: {implicit: 0, pageLoad: 300000, script: 30000}, unhandledPromptBehavior: dismiss and notify, webauthn:extension:credBlob: true, webauthn:extension:largeBlob: true, webauthn:virtualAuthenticators: true}
Session ID: 7ee41fdef8779cce600b929f18e7b683
*** Element info: {Using=xpath, value=//*[text()='Sign Out']}
11:34:00  INFO  manager.MyListener - We have a 'throwable'---->[Ljava.lang.StackTraceElement;@1395dd4c
