19:07:45  INFO  manager.ApplicationManager - Tests start in ChromeDriver
19:07:46  INFO  manager.ApplicationManager - The link is ----> https://contacts-app.tobbymarshall815.vercel.app/
19:07:47  INFO  manager.ApplicationManager - Tests start in ChromeDriver
19:07:48  INFO  manager.ApplicationManager - The link is ----> https://contacts-app.tobbymarshall815.vercel.app/
19:07:48  INFO  manager.MyListener - 'Start find' element --->By.xpath: //*[text()='Sign Out']
19:07:53  INFO  manager.MyListener - The element with locator --->By.xpath: //*[text()='Sign Out']<----- was found
19:07:53  INFO  tests.TestBase - Test starts with email:anna789@gmail.comand password:Aanna12345$$
19:07:53  INFO  manager.MyListener - 'Start find' element --->By.cssSelector: [href='/login']
19:07:53  INFO  manager.MyListener - The element with locator --->By.cssSelector: [href='/login']<----- was found
19:07:53  INFO  manager.MyListener - 'Start find' element --->By.xpath: //input[1]
19:07:53  INFO  manager.MyListener - The element with locator --->By.xpath: //input[1]<----- was found
19:07:53  INFO  manager.MyListener - 'Start find' element --->By.xpath: //input[2]
19:07:53  INFO  manager.MyListener - The element with locator --->By.xpath: //input[2]<----- was found
19:07:53  INFO  manager.MyListener - 'Start find' element --->By.xpath: //*[text()=' Login']
19:07:53  INFO  manager.MyListener - The element with locator --->By.xpath: //*[text()=' Login']<----- was found
19:07:54  INFO  manager.MyListener - 'Start find' element --->By.xpath: //*[text()='Sign Out']
19:07:54  INFO  manager.MyListener - The element with locator --->By.xpath: //*[text()='Sign Out']<----- was found
19:07:54  INFO  tests.TestBase - Test is passed
19:07:55  INFO  manager.ApplicationManager - Tests start in ChromeDriver
19:07:56  INFO  manager.ApplicationManager - The link is ----> https://contacts-app.tobbymarshall815.vercel.app/
19:07:56  INFO  manager.MyListener - 'Start find' element --->By.xpath: //*[text()='Sign Out']
19:08:01  INFO  manager.MyListener - The element with locator --->By.xpath: //*[text()='Sign Out']<----- was found
19:08:01  INFO  tests.TestBase - Test starts with email:anna789@gmail.comand password:Aanna12345$$
19:08:01  INFO  manager.MyListener - 'Start find' element --->By.cssSelector: [href='/login']
19:08:01  INFO  manager.MyListener - The element with locator --->By.cssSelector: [href='/login']<----- was found
19:08:01  INFO  manager.MyListener - 'Start find' element --->By.xpath: //input[1]
19:08:01  INFO  manager.MyListener - The element with locator --->By.xpath: //input[1]<----- was found
19:08:01  INFO  manager.MyListener - 'Start find' element --->By.xpath: //input[2]
19:08:01  INFO  manager.MyListener - The element with locator --->By.xpath: //input[2]<----- was found
19:08:01  INFO  manager.MyListener - 'Start find' element --->By.xpath: //*[text()=' Login']
19:08:01  INFO  manager.MyListener - The element with locator --->By.xpath: //*[text()=' Login']<----- was found
19:08:03  INFO  manager.MyListener - 'Start find' element --->By.xpath: //*[text()='Sign Out']
19:08:03  INFO  manager.MyListener - The element with locator --->By.xpath: //*[text()='Sign Out']<----- was found
19:08:03  INFO  tests.TestBase - Test is passed
19:08:04  INFO  manager.ApplicationManager - Tests start in ChromeDriver
19:08:04  INFO  manager.ApplicationManager - The link is ----> https://contacts-app.tobbymarshall815.vercel.app/
19:08:04  INFO  manager.MyListener - 'Start find' element --->By.xpath: //*[text()='Sign Out']
19:08:09  INFO  manager.MyListener - The element with locator --->By.xpath: //*[text()='Sign Out']<----- was found
19:08:09  INFO  tests.TestBase - Test starts with email:anna789@gmail.comand password:Aanna12345$$
19:08:09  INFO  manager.MyListener - 'Start find' element --->By.cssSelector: [href='/login']
19:08:09  INFO  manager.MyListener - The element with locator --->By.cssSelector: [href='/login']<----- was found
19:08:09  INFO  manager.MyListener - 'Start find' element --->By.xpath: //input[1]
19:08:09  INFO  manager.MyListener - The element with locator --->By.xpath: //input[1]<----- was found
19:08:10  INFO  manager.MyListener - 'Start find' element --->By.xpath: //input[2]
19:08:10  INFO  manager.MyListener - The element with locator --->By.xpath: //input[2]<----- was found
19:08:10  INFO  manager.MyListener - 'Start find' element --->By.xpath: //*[text()=' Login']
19:08:10  INFO  manager.MyListener - The element with locator --->By.xpath: //*[text()=' Login']<----- was found
19:08:11  INFO  manager.MyListener - 'Start find' element --->By.xpath: //*[text()='Sign Out']
19:08:11  INFO  manager.MyListener - The element with locator --->By.xpath: //*[text()='Sign Out']<----- was found
19:08:11  INFO  tests.TestBase - Test is passed
19:08:12  INFO  manager.ApplicationManager - Tests start in ChromeDriver
19:08:12  INFO  manager.ApplicationManager - The link is ----> https://contacts-app.tobbymarshall815.vercel.app/
19:08:12  INFO  manager.MyListener - 'Start find' element --->By.xpath: //*[text()='Sign Out']
19:08:17  INFO  manager.MyListener - The element with locator --->By.xpath: //*[text()='Sign Out']<----- was found
19:08:17  INFO  tests.TestBase - Test starts with email:anna789@gmail.comand password:Aanna12345$$
19:08:17  INFO  manager.MyListener - 'Start find' element --->By.cssSelector: [href='/login']
19:08:17  INFO  manager.MyListener - The element with locator --->By.cssSelector: [href='/login']<----- was found
19:08:18  INFO  manager.MyListener - 'Start find' element --->By.xpath: //input[1]
19:08:18  INFO  manager.MyListener - The element with locator --->By.xpath: //input[1]<----- was found
19:08:18  INFO  manager.MyListener - 'Start find' element --->By.xpath: //input[2]
19:08:18  INFO  manager.MyListener - The element with locator --->By.xpath: //input[2]<----- was found
19:08:18  INFO  manager.MyListener - 'Start find' element --->By.xpath: //*[text()=' Login']
19:08:18  INFO  manager.MyListener - The element with locator --->By.xpath: //*[text()=' Login']<----- was found
19:08:19  INFO  manager.MyListener - 'Start find' element --->By.xpath: //*[text()='Sign Out']
19:08:19  INFO  manager.MyListener - The element with locator --->By.xpath: //*[text()='Sign Out']<----- was found
19:08:19  INFO  tests.TestBase - Test is passed
