19:01:25  INFO  manager.ApplicationManager - Tests start in ChromeDriver
19:01:26  INFO  manager.ApplicationManager - The link is ----> https://contacts-app.tobbymarshall815.vercel.app/
19:01:27  INFO  manager.ApplicationManager - Tests start in ChromeDriver
19:01:27  INFO  manager.ApplicationManager - The link is ----> https://contacts-app.tobbymarshall815.vercel.app/
19:01:27  INFO  manager.MyListener - 'Start find' element --->By.xpath: //*[text()='Sign Out']
19:01:34  INFO  manager.MyListener - The element with locator --->By.xpath: //*[text()='Sign Out']<----- was found
19:01:34  INFO  tests.TestBase - Test starts with email:anna789@gmail.comand password:Aanna12345$$
19:01:34  INFO  manager.MyListener - 'Start find' element --->By.cssSelector: [href='/login']
19:01:46  INFO  manager.MyListener - We have a 'throwable'---->chrome not reachable
  (Session info: chrome=100.0.4896.127)
Build info: version: '3.141.59', revision: 'e82be7d358', time: '2018-11-14T08:17:03'
System info: host: 'DESKTOP-5S6QGPI', ip: '192.168.1.119', os.name: 'Windows 10', os.arch: 'amd64', os.version: '10.0', java.version: '11.0.14'
Driver info: org.openqa.selenium.chrome.ChromeDriver
Capabilities {acceptInsecureCerts: false, browserName: chrome, browserVersion: 100.0.4896.127, chrome: {chromedriverVersion: 100.0.4896.60 (6a5d10861ce8..., userDataDir: C:\Users\alexa\AppData\Loca...}, goog:chromeOptions: {debuggerAddress: localhost:52692}, javascriptEnabled: true, networkConnectionEnabled: false, pageLoadStrategy: normal, platform: WINDOWS, platformName: WINDOWS, proxy: Proxy(), setWindowRect: true, strictFileInteractability: false, timeouts: {implicit: 0, pageLoad: 300000, script: 30000}, unhandledPromptBehavior: dismiss and notify, webauthn:extension:credBlob: true, webauthn:extension:largeBlob: true, webauthn:virtualAuthenticators: true}
Session ID: 189d779feae3c3a568a1b6ecc36127f3
*** Element info: {Using=css selector, value=[href='/login']}
19:01:46  INFO  manager.MyListener - We have a 'throwable'---->org.openqa.selenium.WebDriverException: chrome not reachable
  (Session info: chrome=100.0.4896.127)
Build info: version: '3.141.59', revision: 'e82be7d358', time: '2018-11-14T08:17:03'
System info: host: 'DESKTOP-5S6QGPI', ip: '192.168.1.119', os.name: 'Windows 10', os.arch: 'amd64', os.version: '10.0', java.version: '11.0.14'
Driver info: org.openqa.selenium.chrome.ChromeDriver
Capabilities {acceptInsecureCerts: false, browserName: chrome, browserVersion: 100.0.4896.127, chrome: {chromedriverVersion: 100.0.4896.60 (6a5d10861ce8..., userDataDir: C:\Users\alexa\AppData\Loca...}, goog:chromeOptions: {debuggerAddress: localhost:52692}, javascriptEnabled: true, networkConnectionEnabled: false, pageLoadStrategy: normal, platform: WINDOWS, platformName: WINDOWS, proxy: Proxy(), setWindowRect: true, strictFileInteractability: false, timeouts: {implicit: 0, pageLoad: 300000, script: 30000}, unhandledPromptBehavior: dismiss and notify, webauthn:extension:credBlob: true, webauthn:extension:largeBlob: true, webauthn:virtualAuthenticators: true}
Session ID: 189d779feae3c3a568a1b6ecc36127f3
*** Element info: {Using=css selector, value=[href='/login']}
19:01:46  INFO  manager.MyListener - We have a 'throwable'---->[Ljava.lang.StackTraceElement;@2c1e114b
19:02:00  INFO  manager.ApplicationManager - Tests start in ChromeDriver
19:02:01  INFO  manager.ApplicationManager - The link is ----> https://contacts-app.tobbymarshall815.vercel.app/
19:02:01  INFO  manager.MyListener - 'Start find' element --->By.xpath: //*[text()='Sign Out']
19:02:06  INFO  manager.MyListener - The element with locator --->By.xpath: //*[text()='Sign Out']<----- was found
19:02:06  INFO  tests.TestBase - Test starts with email:anna789@gmail.comand password:Aanna12345$$
19:02:06  INFO  manager.MyListener - 'Start find' element --->By.cssSelector: [href='/login']
19:02:06  INFO  manager.MyListener - The element with locator --->By.cssSelector: [href='/login']<----- was found
19:02:06  INFO  manager.MyListener - 'Start find' element --->By.xpath: //input[1]
19:02:06  INFO  manager.MyListener - The element with locator --->By.xpath: //input[1]<----- was found
19:02:06  INFO  manager.MyListener - 'Start find' element --->By.xpath: //input[2]
19:02:06  INFO  manager.MyListener - The element with locator --->By.xpath: //input[2]<----- was found
19:02:06  INFO  manager.MyListener - 'Start find' element --->By.xpath: //*[text()=' Login']
19:02:06  INFO  manager.MyListener - The element with locator --->By.xpath: //*[text()=' Login']<----- was found
19:02:07  INFO  manager.MyListener - 'Start find' element --->By.xpath: //*[text()='Sign Out']
19:02:07  INFO  manager.MyListener - The element with locator --->By.xpath: //*[text()='Sign Out']<----- was found
19:02:07  INFO  tests.TestBase - Test is passed
19:02:08  INFO  manager.ApplicationManager - Tests start in ChromeDriver
19:02:09  INFO  manager.ApplicationManager - The link is ----> https://contacts-app.tobbymarshall815.vercel.app/
19:02:09  INFO  manager.MyListener - 'Start find' element --->By.xpath: //*[text()='Sign Out']
19:02:14  INFO  manager.MyListener - The element with locator --->By.xpath: //*[text()='Sign Out']<----- was found
19:02:14  INFO  tests.TestBase - Test starts with email:anna789@gmail.comand password:Aanna12345$$
19:02:14  INFO  manager.MyListener - 'Start find' element --->By.cssSelector: [href='/login']
19:02:14  INFO  manager.MyListener - The element with locator --->By.cssSelector: [href='/login']<----- was found
19:02:14  INFO  manager.MyListener - 'Start find' element --->By.xpath: //input[1]
19:02:14  INFO  manager.MyListener - The element with locator --->By.xpath: //input[1]<----- was found
19:02:14  INFO  manager.MyListener - 'Start find' element --->By.xpath: //input[2]
19:02:14  INFO  manager.MyListener - The element with locator --->By.xpath: //input[2]<----- was found
19:02:14  INFO  manager.MyListener - 'Start find' element --->By.xpath: //*[text()=' Login']
19:02:14  INFO  manager.MyListener - The element with locator --->By.xpath: //*[text()=' Login']<----- was found
19:02:15  INFO  manager.MyListener - 'Start find' element --->By.xpath: //*[text()='Sign Out']
19:02:15  INFO  manager.MyListener - The element with locator --->By.xpath: //*[text()='Sign Out']<----- was found
19:02:15  INFO  tests.TestBase - Test is passed
19:02:17  INFO  manager.ApplicationManager - Tests start in ChromeDriver
19:02:17  INFO  manager.ApplicationManager - The link is ----> https://contacts-app.tobbymarshall815.vercel.app/
19:02:17  INFO  manager.MyListener - 'Start find' element --->By.xpath: //*[text()='Sign Out']
19:02:22  INFO  manager.MyListener - The element with locator --->By.xpath: //*[text()='Sign Out']<----- was found
19:02:22  INFO  tests.TestBase - Test starts with email:anna789@gmail.comand password:Aanna12345$$
19:02:22  INFO  manager.MyListener - 'Start find' element --->By.cssSelector: [href='/login']
19:02:22  INFO  manager.MyListener - The element with locator --->By.cssSelector: [href='/login']<----- was found
19:02:22  INFO  manager.MyListener - 'Start find' element --->By.xpath: //input[1]
19:02:22  INFO  manager.MyListener - The element with locator --->By.xpath: //input[1]<----- was found
19:02:22  INFO  manager.MyListener - 'Start find' element --->By.xpath: //input[2]
19:02:22  INFO  manager.MyListener - The element with locator --->By.xpath: //input[2]<----- was found
19:02:23  INFO  manager.MyListener - 'Start find' element --->By.xpath: //*[text()=' Login']
19:02:23  INFO  manager.MyListener - The element with locator --->By.xpath: //*[text()=' Login']<----- was found
19:02:24  INFO  manager.MyListener - 'Start find' element --->By.xpath: //*[text()='Sign Out']
19:02:24  INFO  manager.MyListener - The element with locator --->By.xpath: //*[text()='Sign Out']<----- was found
19:02:24  INFO  tests.TestBase - Test is passed
